[debug] [2023-08-12T22:27:26.386Z] ----------------------------------------------------------------------
[debug] [2023-08-12T22:27:26.388Z] Command:       C:\Program Files\nodejs\node.exe C:\Program Files\nodejs\node_modules\firebase-tools\lib\bin\firebase.js emulators:start --only functions:swAPI
[debug] [2023-08-12T22:27:26.388Z] CLI Version:   12.4.7
[debug] [2023-08-12T22:27:26.388Z] Platform:      win32
[debug] [2023-08-12T22:27:26.388Z] Node Version:  v16.18.0
[debug] [2023-08-12T22:27:26.389Z] Time:          Sat Aug 12 2023 19:27:26 GMT-0300 (hora estándar de Argentina)
[debug] [2023-08-12T22:27:26.389Z] ----------------------------------------------------------------------
[debug] 
[debug] [2023-08-12T22:27:26.463Z] > command requires scopes: ["email","openid","https://www.googleapis.com/auth/cloudplatformprojects.readonly","https://www.googleapis.com/auth/firebase","https://www.googleapis.com/auth/cloud-platform"]
[debug] [2023-08-12T22:27:26.464Z] > authorizing via signed-in user (tomas.demobio@gmail.com)
[info] i  emulators: Starting emulators: functions {"metadata":{"emulator":{"name":"hub"},"message":"Starting emulators: functions"}}
[debug] [2023-08-12T22:27:26.471Z] [logging] Logging Emulator only supports listening on one address (127.0.0.1). Not listening on ::1
[debug] [2023-08-12T22:27:26.472Z] assigned listening specs for emulators {"user":{"hub":[{"address":"127.0.0.1","family":"IPv4","port":4400},{"address":"::1","family":"IPv6","port":4400}],"ui":[{"address":"127.0.0.1","family":"IPv4","port":4000},{"address":"::1","family":"IPv6","port":4000}],"logging":[{"address":"127.0.0.1","family":"IPv4","port":4500}]},"metadata":{"message":"assigned listening specs for emulators"}}
[debug] [2023-08-12T22:27:26.479Z] [hub] writing locator at C:\Users\tomas\AppData\Local\Temp\hub-lemur-digital.json
[debug] [2023-08-12T22:27:26.492Z] >>> [apiv2][query] GET https://firebase.googleapis.com/v1beta1/projects/lemur-digital [none]
[debug] [2023-08-12T22:27:26.918Z] <<< [apiv2][status] GET https://firebase.googleapis.com/v1beta1/projects/lemur-digital 200
[debug] [2023-08-12T22:27:26.918Z] <<< [apiv2][body] GET https://firebase.googleapis.com/v1beta1/projects/lemur-digital {"projectId":"lemur-digital","projectNumber":"982414594719","displayName":"lemur-digital","name":"projects/lemur-digital","resources":{"hostingSite":"lemur-digital","realtimeDatabaseInstance":"lemur-digital-default-rtdb","storageBucket":"lemur-digital.appspot.com","locationId":"us-central"},"state":"ACTIVE","etag":"1_6a1f3672-64df-451f-8750-3c135af5f0c4"}
[debug] [2023-08-12T22:27:26.922Z] [functions] Functions Emulator only supports listening on one address (127.0.0.1). Not listening on ::1
[debug] [2023-08-12T22:27:26.922Z] [eventarc] Eventarc Emulator only supports listening on one address (127.0.0.1). Not listening on ::1
[debug] [2023-08-12T22:27:26.922Z] late-assigned ports for functions and eventarc emulators {"user":{"hub":[{"address":"127.0.0.1","family":"IPv4","port":4400},{"address":"::1","family":"IPv6","port":4400}],"ui":[{"address":"127.0.0.1","family":"IPv4","port":4000},{"address":"::1","family":"IPv6","port":4000}],"logging":[{"address":"127.0.0.1","family":"IPv4","port":4500}],"functions":[{"address":"127.0.0.1","family":"IPv4","port":5001}],"eventarc":[{"address":"127.0.0.1","family":"IPv4","port":9299}]},"metadata":{"message":"late-assigned ports for functions and eventarc emulators"}}
[warn] !  functions: The following emulators are not running, calls to these services from the Functions emulator will affect production: auth, firestore, database, hosting, pubsub, storage {"metadata":{"emulator":{"name":"functions"},"message":"The following emulators are not running, calls to these services from the Functions emulator will affect production: \u001b[1mauth, firestore, database, hosting, pubsub, storage\u001b[22m"}}
[debug] [2023-08-12T22:27:26.925Z] defaultcredentials: writing to file C:\Users\tomas\AppData\Roaming\firebase\tomas_demobio_gmail.com_application_default_credentials.json
[debug] [2023-08-12T22:27:26.926Z] Setting GAC to C:\Users\tomas\AppData\Roaming\firebase\tomas_demobio_gmail.com_application_default_credentials.json {"metadata":{"emulator":{"name":"functions"},"message":"Setting GAC to C:\\Users\\tomas\\AppData\\Roaming\\firebase\\tomas_demobio_gmail.com_application_default_credentials.json"}}
[debug] [2023-08-12T22:27:26.926Z] >>> [apiv2][query] GET https://firebase.googleapis.com/v1beta1/projects/lemur-digital/adminSdkConfig [none]
[debug] [2023-08-12T22:27:27.337Z] <<< [apiv2][status] GET https://firebase.googleapis.com/v1beta1/projects/lemur-digital/adminSdkConfig 200
[debug] [2023-08-12T22:27:27.337Z] <<< [apiv2][body] GET https://firebase.googleapis.com/v1beta1/projects/lemur-digital/adminSdkConfig {"projectId":"lemur-digital","databaseURL":"https://lemur-digital-default-rtdb.firebaseio.com","storageBucket":"lemur-digital.appspot.com","locationId":"us-central"}
[debug] [2023-08-12T22:27:27.356Z] Ignoring unsupported arg: auto_download {"metadata":{"emulator":{"name":"ui"},"message":"Ignoring unsupported arg: auto_download"}}
[debug] [2023-08-12T22:27:27.356Z] Ignoring unsupported arg: port {"metadata":{"emulator":{"name":"ui"},"message":"Ignoring unsupported arg: port"}}
[debug] [2023-08-12T22:27:27.356Z] Starting Emulator UI with command {"binary":"node","args":["C:\\Users\\tomas\\.cache\\firebase\\emulators\\ui-v1.11.7\\server\\server.js"],"optionalArgs":[],"joinArgs":false} {"metadata":{"emulator":{"name":"ui"},"message":"Starting Emulator UI with command {\"binary\":\"node\",\"args\":[\"C:\\\\Users\\\\tomas\\\\.cache\\\\firebase\\\\emulators\\\\ui-v1.11.7\\\\server\\\\server.js\"],\"optionalArgs\":[],\"joinArgs\":false}"}}
[info] i  ui: Emulator UI logging to ui-debug.log {"metadata":{"emulator":{"name":"ui"},"message":"Emulator UI logging to \u001b[1mui-debug.log\u001b[22m"}}
[debug] [2023-08-12T22:27:27.987Z] Web / API server started at 127.0.0.1:4000
 {"metadata":{"emulator":{"name":"ui"},"message":"Web / API server started at 127.0.0.1:4000\n"}}
[debug] [2023-08-12T22:27:27.987Z] Web / API server started at ::1:4000
 {"metadata":{"emulator":{"name":"ui"},"message":"Web / API server started at ::1:4000\n"}}
[info] i  functions: Watching "C:\Users\tomas\OneDrive\Escritorio\Proyectos\Conexa\ConexaPlanet\functions" for Cloud Functions... {"metadata":{"emulator":{"name":"functions"},"message":"Watching \"C:\\Users\\tomas\\OneDrive\\Escritorio\\Proyectos\\Conexa\\ConexaPlanet\\functions\" for Cloud Functions..."}}
[debug] [2023-08-12T22:27:28.147Z] Validating nodejs source
[debug] [2023-08-12T22:27:30.174Z] > [functions] package.json contents: {
  "name": "functions",
  "scripts": {
    "build": "tsc",
    "build:watch": "tsc --watch",
    "serve": "npm run build && firebase emulators:start --only functions",
    "shell": "npm run build && firebase functions:shell",
    "start": "npm run shell",
    "deploy": "firebase deploy --only functions",
    "logs": "firebase functions:log"
  },
  "engines": {
    "node": "18"
  },
  "main": "lib/index.js",
  "dependencies": {
    "axios": "^1.4.0",
    "cors": "^2.8.5",
    "express": "^4.18.2",
    "firebase-admin": "^11.8.0",
    "firebase-functions": "^4.3.1"
  },
  "devDependencies": {
    "firebase-functions-test": "^3.1.0",
    "typescript": "^4.9.0"
  },
  "private": true
}
[debug] [2023-08-12T22:27:30.174Z] Building nodejs source
[debug] [2023-08-12T22:27:30.174Z] Failed to find version of module node: reached end of search path C:\Users\tomas\OneDrive\Escritorio\Proyectos\Conexa\ConexaPlanet\functions\node_modules
[warn] !  functions: Your requested "node" version "18" doesn't match your global version "16". Using node@16 from host. 
[debug] [2023-08-12T22:27:30.176Z] Could not find functions.yaml. Must use http discovery
[debug] [2023-08-12T22:27:30.181Z] Found firebase-functions binary at 'C:\Users\tomas\OneDrive\Escritorio\Proyectos\Conexa\ConexaPlanet\functions\node_modules\.bin\firebase-functions'
[info] Serving at port 8586

[debug] [2023-08-12T22:27:31.115Z] Got response from /__/functions.yaml {"endpoints":{"swAPI":{"platform":"gcfv1","availableMemoryMb":null,"timeoutSeconds":null,"minInstances":null,"maxInstances":null,"ingressSettings":null,"serviceAccountEmail":null,"vpc":null,"httpsTrigger":{},"entryPoint":"swAPI"}},"specVersion":"v1alpha1","requiredAPIs":[]}
[info] shutdown requested via /__/quitquitquit

[info] +  functions: Loaded functions definitions from source: swAPI. {"metadata":{"emulator":{"name":"functions"},"message":"Loaded functions definitions from source: swAPI."}}
[info] +  functions[us-central1-swAPI]: http function initialized (http://127.0.0.1:5001/lemur-digital/us-central1/swAPI). {"metadata":{"emulator":{"name":"functions"},"message":"\u001b[1mhttp\u001b[22m function initialized (http://127.0.0.1:5001/lemur-digital/us-central1/swAPI)."}}
[info] 
┌─────────────────────────────────────────────────────────────┐
│ ✔  All emulators ready! It is now safe to connect your app. │
│ i  View Emulator UI at http://127.0.0.1:4000/               │
└─────────────────────────────────────────────────────────────┘

┌───────────┬────────────────┬─────────────────────────────────┐
│ Emulator  │ Host:Port      │ View in Emulator UI             │
├───────────┼────────────────┼─────────────────────────────────┤
│ Functions │ 127.0.0.1:5001 │ http://127.0.0.1:4000/functions │
└───────────┴────────────────┴─────────────────────────────────┘
  Emulator Hub running at 127.0.0.1:4400
  Other reserved ports: 4500

Issues? Report them at https://github.com/firebase/firebase-tools/issues and attach the *-debug.log files.
 
[debug] [2023-08-12T22:28:20.530Z] [work-queue] {"queuedWork":["/lemur-digital/us-central1/swAPI/starships/4-2023-08-12T22:28:20.530Z"],"queueLength":1,"runningWork":[],"workRunningCount":0}
[debug] [2023-08-12T22:28:20.531Z] [work-queue] {"queuedWork":[],"queueLength":0,"runningWork":["/lemur-digital/us-central1/swAPI/starships/4-2023-08-12T22:28:20.530Z"],"workRunningCount":1}
[debug] [2023-08-12T22:28:20.531Z] Accepted request GET /lemur-digital/us-central1/swAPI/starships/4 --> us-central1-swAPI
[debug] [2023-08-12T22:28:20.533Z] [functions] Runtime ready! Sending request! {"metadata":{"emulator":{"name":"functions"},"message":"[functions] Runtime ready! Sending request!"}}
[debug] [2023-08-12T22:28:20.534Z] [functions] Got req.url=/lemur-digital/us-central1/swAPI/starships/4, mapping to path=/starships/4 {"metadata":{"emulator":{"name":"functions"},"message":"[functions] Got req.url=/lemur-digital/us-central1/swAPI/starships/4, mapping to path=/starships/4"}}
[debug] [2023-08-12T22:28:21.058Z] [worker-pool] addWorker(us-central1-swAPI) {"metadata":{"emulator":{"name":"functions"},"message":"[worker-pool] addWorker(us-central1-swAPI)"}}
[debug] [2023-08-12T22:28:21.058Z] [worker-pool] Adding worker with key us-central1-swAPI, total=1 {"metadata":{"emulator":{"name":"functions"},"message":"[worker-pool] Adding worker with key us-central1-swAPI, total=1"}}
[debug] [2023-08-12T22:28:21.996Z] [runtime-status] [23292] Resolved module firebase-admin {"declared":true,"installed":true,"version":"11.10.1","resolution":"C:\\Users\\tomas\\OneDrive\\Escritorio\\Proyectos\\Conexa\\ConexaPlanet\\functions\\node_modules\\firebase-admin\\lib\\index.js"} {"metadata":{"emulator":{"name":"functions"},"function":{"name":"us-central1-swAPI"},"extension":{},"message":"[runtime-status] [23292] Resolved module firebase-admin {\"declared\":true,\"installed\":true,\"version\":\"11.10.1\",\"resolution\":\"C:\\\\Users\\\\tomas\\\\OneDrive\\\\Escritorio\\\\Proyectos\\\\Conexa\\\\ConexaPlanet\\\\functions\\\\node_modules\\\\firebase-admin\\\\lib\\\\index.js\"}"}}
[debug] [2023-08-12T22:28:21.997Z] [runtime-status] [23292] Resolved module firebase-functions {"declared":true,"installed":true,"version":"4.4.1","resolution":"C:\\Users\\tomas\\OneDrive\\Escritorio\\Proyectos\\Conexa\\ConexaPlanet\\functions\\node_modules\\firebase-functions\\lib\\v1\\index.js"} {"metadata":{"emulator":{"name":"functions"},"function":{"name":"us-central1-swAPI"},"extension":{},"message":"[runtime-status] [23292] Resolved module firebase-functions {\"declared\":true,\"installed\":true,\"version\":\"4.4.1\",\"resolution\":\"C:\\\\Users\\\\tomas\\\\OneDrive\\\\Escritorio\\\\Proyectos\\\\Conexa\\\\ConexaPlanet\\\\functions\\\\node_modules\\\\firebase-functions\\\\lib\\\\v1\\\\index.js\"}"}}
[debug] [2023-08-12T22:28:21.997Z] [runtime-status] [23292] Outgoing network have been stubbed. [{"name":"http","status":"mocked"},{"name":"http","status":"mocked"},{"name":"https","status":"mocked"},{"name":"https","status":"mocked"},{"name":"net","status":"mocked"}] {"metadata":{"emulator":{"name":"functions"},"function":{"name":"us-central1-swAPI"},"extension":{},"message":"[runtime-status] [23292] Outgoing network have been stubbed. [{\"name\":\"http\",\"status\":\"mocked\"},{\"name\":\"http\",\"status\":\"mocked\"},{\"name\":\"https\",\"status\":\"mocked\"},{\"name\":\"https\",\"status\":\"mocked\"},{\"name\":\"net\",\"status\":\"mocked\"}]"}}
[debug] [2023-08-12T22:28:21.998Z] [runtime-status] [23292] Resolved module firebase-functions {"declared":true,"installed":true,"version":"4.4.1","resolution":"C:\\Users\\tomas\\OneDrive\\Escritorio\\Proyectos\\Conexa\\ConexaPlanet\\functions\\node_modules\\firebase-functions\\lib\\v1\\index.js"} {"metadata":{"emulator":{"name":"functions"},"function":{"name":"us-central1-swAPI"},"extension":{},"message":"[runtime-status] [23292] Resolved module firebase-functions {\"declared\":true,\"installed\":true,\"version\":\"4.4.1\",\"resolution\":\"C:\\\\Users\\\\tomas\\\\OneDrive\\\\Escritorio\\\\Proyectos\\\\Conexa\\\\ConexaPlanet\\\\functions\\\\node_modules\\\\firebase-functions\\\\lib\\\\v1\\\\index.js\"}"}}
[debug] [2023-08-12T22:28:22.203Z] [runtime-status] [23292] Checked functions.config() {"config":{}} {"metadata":{"emulator":{"name":"functions"},"function":{"name":"us-central1-swAPI"},"extension":{},"message":"[runtime-status] [23292] Checked functions.config() {\"config\":{}}"}}
[debug] [2023-08-12T22:28:22.203Z] [runtime-status] [23292] firebase-functions has been stubbed. {"functionsResolution":{"declared":true,"installed":true,"version":"4.4.1","resolution":"C:\\Users\\tomas\\OneDrive\\Escritorio\\Proyectos\\Conexa\\ConexaPlanet\\functions\\node_modules\\firebase-functions\\lib\\v1\\index.js"}} {"metadata":{"emulator":{"name":"functions"},"function":{"name":"us-central1-swAPI"},"extension":{},"message":"[runtime-status] [23292] firebase-functions has been stubbed. {\"functionsResolution\":{\"declared\":true,\"installed\":true,\"version\":\"4.4.1\",\"resolution\":\"C:\\\\Users\\\\tomas\\\\OneDrive\\\\Escritorio\\\\Proyectos\\\\Conexa\\\\ConexaPlanet\\\\functions\\\\node_modules\\\\firebase-functions\\\\lib\\\\v1\\\\index.js\"}}"}}
[debug] [2023-08-12T22:28:22.205Z] [runtime-status] [23292] Resolved module firebase-functions {"declared":true,"installed":true,"version":"4.4.1","resolution":"C:\\Users\\tomas\\OneDrive\\Escritorio\\Proyectos\\Conexa\\ConexaPlanet\\functions\\node_modules\\firebase-functions\\lib\\v1\\index.js"} {"metadata":{"emulator":{"name":"functions"},"function":{"name":"us-central1-swAPI"},"extension":{},"message":"[runtime-status] [23292] Resolved module firebase-functions {\"declared\":true,\"installed\":true,\"version\":\"4.4.1\",\"resolution\":\"C:\\\\Users\\\\tomas\\\\OneDrive\\\\Escritorio\\\\Proyectos\\\\Conexa\\\\ConexaPlanet\\\\functions\\\\node_modules\\\\firebase-functions\\\\lib\\\\v1\\\\index.js\"}"}}
[debug] [2023-08-12T22:28:22.205Z] [runtime-status] [23292] Resolved module firebase-admin {"declared":true,"installed":true,"version":"11.10.1","resolution":"C:\\Users\\tomas\\OneDrive\\Escritorio\\Proyectos\\Conexa\\ConexaPlanet\\functions\\node_modules\\firebase-admin\\lib\\index.js"} {"metadata":{"emulator":{"name":"functions"},"function":{"name":"us-central1-swAPI"},"extension":{},"message":"[runtime-status] [23292] Resolved module firebase-admin {\"declared\":true,\"installed\":true,\"version\":\"11.10.1\",\"resolution\":\"C:\\\\Users\\\\tomas\\\\OneDrive\\\\Escritorio\\\\Proyectos\\\\Conexa\\\\ConexaPlanet\\\\functions\\\\node_modules\\\\firebase-admin\\\\lib\\\\index.js\"}"}}
[debug] [2023-08-12T22:28:22.207Z] [runtime-status] [23292] Resolved module firebase-functions {"declared":true,"installed":true,"version":"4.4.1","resolution":"C:\\Users\\tomas\\OneDrive\\Escritorio\\Proyectos\\Conexa\\ConexaPlanet\\functions\\node_modules\\firebase-functions\\lib\\v1\\index.js"} {"metadata":{"emulator":{"name":"functions"},"function":{"name":"us-central1-swAPI"},"extension":{},"message":"[runtime-status] [23292] Resolved module firebase-functions {\"declared\":true,\"installed\":true,\"version\":\"4.4.1\",\"resolution\":\"C:\\\\Users\\\\tomas\\\\OneDrive\\\\Escritorio\\\\Proyectos\\\\Conexa\\\\ConexaPlanet\\\\functions\\\\node_modules\\\\firebase-functions\\\\lib\\\\v1\\\\index.js\"}"}}
[debug] [2023-08-12T22:28:22.208Z] [runtime-status] [23292] firebase-admin has been stubbed. {"adminResolution":{"declared":true,"installed":true,"version":"11.10.1","resolution":"C:\\Users\\tomas\\OneDrive\\Escritorio\\Proyectos\\Conexa\\ConexaPlanet\\functions\\node_modules\\firebase-admin\\lib\\index.js"}} {"metadata":{"emulator":{"name":"functions"},"function":{"name":"us-central1-swAPI"},"extension":{},"message":"[runtime-status] [23292] firebase-admin has been stubbed. {\"adminResolution\":{\"declared\":true,\"installed\":true,\"version\":\"11.10.1\",\"resolution\":\"C:\\\\Users\\\\tomas\\\\OneDrive\\\\Escritorio\\\\Proyectos\\\\Conexa\\\\ConexaPlanet\\\\functions\\\\node_modules\\\\firebase-admin\\\\lib\\\\index.js\"}}"}}
[debug] [2023-08-12T22:28:22.318Z] [runtime-status] [23292] Functions runtime initialized. {"cwd":"C:\\Users\\tomas\\OneDrive\\Escritorio\\Proyectos\\Conexa\\ConexaPlanet\\functions","node_version":"16.18.0"} {"metadata":{"emulator":{"name":"functions"},"function":{"name":"us-central1-swAPI"},"extension":{},"message":"[runtime-status] [23292] Functions runtime initialized. {\"cwd\":\"C:\\\\Users\\\\tomas\\\\OneDrive\\\\Escritorio\\\\Proyectos\\\\Conexa\\\\ConexaPlanet\\\\functions\",\"node_version\":\"16.18.0\"}"}}
[debug] [2023-08-12T22:28:22.319Z] [runtime-status] [23292] Listening to port: \\?\pipe\fire_emu_25cb8146bc45ed93 {"metadata":{"emulator":{"name":"functions"},"function":{"name":"us-central1-swAPI"},"extension":{},"message":"[runtime-status] [23292] Listening to port: \\\\?\\pipe\\fire_emu_25cb8146bc45ed93"}}
[debug] [2023-08-12T22:28:22.366Z] [worker-us-central1-swAPI-5d42bced-99e3-4659-8864-92b8dfd7152e]: IDLE {"metadata":{"emulator":{"name":"functions"},"function":{"name":"us-central1-swAPI"},"extension":{},"message":"[worker-us-central1-swAPI-5d42bced-99e3-4659-8864-92b8dfd7152e]: IDLE"}}
[debug] [2023-08-12T22:28:22.366Z] [worker-pool] submitRequest(triggerId=us-central1-swAPI) {"metadata":{"emulator":{"name":"functions"},"message":"[worker-pool] submitRequest(triggerId=us-central1-swAPI)"}}
[info] i  functions: Beginning execution of "us-central1-swAPI" {"metadata":{"emulator":{"name":"functions"},"function":{"name":"us-central1-swAPI"},"extension":{},"message":"Beginning execution of \"us-central1-swAPI\""}}
[debug] [2023-08-12T22:28:22.368Z] [worker-us-central1-swAPI-5d42bced-99e3-4659-8864-92b8dfd7152e]: BUSY {"metadata":{"emulator":{"name":"functions"},"function":{"name":"us-central1-swAPI"},"extension":{},"message":"[worker-us-central1-swAPI-5d42bced-99e3-4659-8864-92b8dfd7152e]: BUSY"}}
[info] >  {"severity":"ERROR","message":"Error: Error getSingleOne service of starships > AxiosError: Request failed with status code 404\n    at entryFromArgs (C:\\Users\\tomas\\OneDrive\\Escritorio\\Proyectos\\Conexa\\ConexaPlanet\\functions\\node_modules\\firebase-functions\\lib\\logger\\index.js:130:19)\n    at Object.error (C:\\Users\\tomas\\OneDrive\\Escritorio\\Proyectos\\Conexa\\ConexaPlanet\\functions\\node_modules\\firebase-functions\\lib\\logger\\index.js:116:11)\n    at getSingleOne (C:\\Users\\tomas\\OneDrive\\Escritorio\\Proyectos\\Conexa\\ConexaPlanet\\functions\\lib\\services\\swAPI\\index.js:27:21)\n    at processTicksAndRejections (node:internal/process/task_queues:96:5)\n    at async C:\\Users\\tomas\\OneDrive\\Escritorio\\Proyectos\\Conexa\\ConexaPlanet\\functions\\lib\\routes\\starships\\index.js:29:32"} {"user":{"severity":"ERROR","message":"Error: Error getSingleOne service of starships > AxiosError: Request failed with status code 404\n    at entryFromArgs (C:\\Users\\tomas\\OneDrive\\Escritorio\\Proyectos\\Conexa\\ConexaPlanet\\functions\\node_modules\\firebase-functions\\lib\\logger\\index.js:130:19)\n    at Object.error (C:\\Users\\tomas\\OneDrive\\Escritorio\\Proyectos\\Conexa\\ConexaPlanet\\functions\\node_modules\\firebase-functions\\lib\\logger\\index.js:116:11)\n    at getSingleOne (C:\\Users\\tomas\\OneDrive\\Escritorio\\Proyectos\\Conexa\\ConexaPlanet\\functions\\lib\\services\\swAPI\\index.js:27:21)\n    at processTicksAndRejections (node:internal/process/task_queues:96:5)\n    at async C:\\Users\\tomas\\OneDrive\\Escritorio\\Proyectos\\Conexa\\ConexaPlanet\\functions\\lib\\routes\\starships\\index.js:29:32"},"metadata":{"emulator":{"name":"functions"},"function":{"name":"us-central1-swAPI"},"extension":{},"message":"\u001b[90m> \u001b[39m {\"severity\":\"ERROR\",\"message\":\"Error: Error getSingleOne service of starships > AxiosError: Request failed with status code 404\\n    at entryFromArgs (C:\\\\Users\\\\tomas\\\\OneDrive\\\\Escritorio\\\\Proyectos\\\\Conexa\\\\ConexaPlanet\\\\functions\\\\node_modules\\\\firebase-functions\\\\lib\\\\logger\\\\index.js:130:19)\\n    at Object.error (C:\\\\Users\\\\tomas\\\\OneDrive\\\\Escritorio\\\\Proyectos\\\\Conexa\\\\ConexaPlanet\\\\functions\\\\node_modules\\\\firebase-functions\\\\lib\\\\logger\\\\index.js:116:11)\\n    at getSingleOne (C:\\\\Users\\\\tomas\\\\OneDrive\\\\Escritorio\\\\Proyectos\\\\Conexa\\\\ConexaPlanet\\\\functions\\\\lib\\\\services\\\\swAPI\\\\index.js:27:21)\\n    at processTicksAndRejections (node:internal/process/task_queues:96:5)\\n    at async C:\\\\Users\\\\tomas\\\\OneDrive\\\\Escritorio\\\\Proyectos\\\\Conexa\\\\ConexaPlanet\\\\functions\\\\lib\\\\routes\\\\starships\\\\index.js:29:32\"}"}}
[debug] [2023-08-12T22:28:31.486Z] Finishing up request with event=pause {"metadata":{"emulator":{"name":"functions"},"function":{"name":"us-central1-swAPI"},"extension":{},"message":"Finishing up request with event=pause"}}
[info] i  functions: Finished "us-central1-swAPI" in 9118.4169ms {"metadata":{"emulator":{"name":"functions"},"function":{"name":"us-central1-swAPI"},"extension":{},"message":"Finished \"us-central1-swAPI\" in 9118.4169ms"}}
[debug] [2023-08-12T22:28:31.487Z] [worker-us-central1-swAPI-5d42bced-99e3-4659-8864-92b8dfd7152e]: IDLE {"metadata":{"emulator":{"name":"functions"},"function":{"name":"us-central1-swAPI"},"extension":{},"message":"[worker-us-central1-swAPI-5d42bced-99e3-4659-8864-92b8dfd7152e]: IDLE"}}
[debug] [2023-08-12T22:28:31.487Z] Finishing up request with event=finish {"metadata":{"emulator":{"name":"functions"},"function":{"name":"us-central1-swAPI"},"extension":{},"message":"Finishing up request with event=finish"}}
[debug] [2023-08-12T22:28:31.487Z] Finishing up request with event=close {"metadata":{"emulator":{"name":"functions"},"function":{"name":"us-central1-swAPI"},"extension":{},"message":"Finishing up request with event=close"}}
[debug] [2023-08-12T22:28:31.488Z] [work-queue] {"queuedWork":[],"queueLength":0,"runningWork":[],"workRunningCount":0}
[info] >  {"severity":"ERROR","message":"Error: Error bringing starship 4: Error: Error getSingleOne service of starships > AxiosError: Request failed with status code 404\n    at entryFromArgs (C:\\Users\\tomas\\OneDrive\\Escritorio\\Proyectos\\Conexa\\ConexaPlanet\\functions\\node_modules\\firebase-functions\\lib\\logger\\index.js:130:19)\n    at Object.error (C:\\Users\\tomas\\OneDrive\\Escritorio\\Proyectos\\Conexa\\ConexaPlanet\\functions\\node_modules\\firebase-functions\\lib\\logger\\index.js:116:11)\n    at C:\\Users\\tomas\\OneDrive\\Escritorio\\Proyectos\\Conexa\\ConexaPlanet\\functions\\lib\\routes\\starships\\index.js:33:21\n    at processTicksAndRejections (node:internal/process/task_queues:96:5)"} {"user":{"severity":"ERROR","message":"Error: Error bringing starship 4: Error: Error getSingleOne service of starships > AxiosError: Request failed with status code 404\n    at entryFromArgs (C:\\Users\\tomas\\OneDrive\\Escritorio\\Proyectos\\Conexa\\ConexaPlanet\\functions\\node_modules\\firebase-functions\\lib\\logger\\index.js:130:19)\n    at Object.error (C:\\Users\\tomas\\OneDrive\\Escritorio\\Proyectos\\Conexa\\ConexaPlanet\\functions\\node_modules\\firebase-functions\\lib\\logger\\index.js:116:11)\n    at C:\\Users\\tomas\\OneDrive\\Escritorio\\Proyectos\\Conexa\\ConexaPlanet\\functions\\lib\\routes\\starships\\index.js:33:21\n    at processTicksAndRejections (node:internal/process/task_queues:96:5)"},"metadata":{"emulator":{"name":"functions"},"function":{"name":"us-central1-swAPI"},"extension":{},"message":"\u001b[90m> \u001b[39m {\"severity\":\"ERROR\",\"message\":\"Error: Error bringing starship 4: Error: Error getSingleOne service of starships > AxiosError: Request failed with status code 404\\n    at entryFromArgs (C:\\\\Users\\\\tomas\\\\OneDrive\\\\Escritorio\\\\Proyectos\\\\Conexa\\\\ConexaPlanet\\\\functions\\\\node_modules\\\\firebase-functions\\\\lib\\\\logger\\\\index.js:130:19)\\n    at Object.error (C:\\\\Users\\\\tomas\\\\OneDrive\\\\Escritorio\\\\Proyectos\\\\Conexa\\\\ConexaPlanet\\\\functions\\\\node_modules\\\\firebase-functions\\\\lib\\\\logger\\\\index.js:116:11)\\n    at C:\\\\Users\\\\tomas\\\\OneDrive\\\\Escritorio\\\\Proyectos\\\\Conexa\\\\ConexaPlanet\\\\functions\\\\lib\\\\routes\\\\starships\\\\index.js:33:21\\n    at processTicksAndRejections (node:internal/process/task_queues:96:5)\"}"}}
[debug] [2023-08-12T22:28:35.167Z] [work-queue] {"queuedWork":["/lemur-digital/us-central1/swAPI/starships/8-2023-08-12T22:28:35.167Z"],"queueLength":1,"runningWork":[],"workRunningCount":0}
[debug] [2023-08-12T22:28:35.167Z] [work-queue] {"queuedWork":[],"queueLength":0,"runningWork":["/lemur-digital/us-central1/swAPI/starships/8-2023-08-12T22:28:35.167Z"],"workRunningCount":1}
[debug] [2023-08-12T22:28:35.167Z] Accepted request GET /lemur-digital/us-central1/swAPI/starships/8 --> us-central1-swAPI
[debug] [2023-08-12T22:28:35.169Z] [functions] Runtime ready! Sending request! {"metadata":{"emulator":{"name":"functions"},"message":"[functions] Runtime ready! Sending request!"}}
[debug] [2023-08-12T22:28:35.169Z] [functions] Got req.url=/lemur-digital/us-central1/swAPI/starships/8, mapping to path=/starships/8 {"metadata":{"emulator":{"name":"functions"},"message":"[functions] Got req.url=/lemur-digital/us-central1/swAPI/starships/8, mapping to path=/starships/8"}}
[debug] [2023-08-12T22:28:35.169Z] [worker-pool] submitRequest(triggerId=us-central1-swAPI) {"metadata":{"emulator":{"name":"functions"},"message":"[worker-pool] submitRequest(triggerId=us-central1-swAPI)"}}
[info] i  functions: Beginning execution of "us-central1-swAPI" {"metadata":{"emulator":{"name":"functions"},"function":{"name":"us-central1-swAPI"},"extension":{},"message":"Beginning execution of \"us-central1-swAPI\""}}
[debug] [2023-08-12T22:28:35.170Z] [worker-us-central1-swAPI-5d42bced-99e3-4659-8864-92b8dfd7152e]: BUSY {"metadata":{"emulator":{"name":"functions"},"function":{"name":"us-central1-swAPI"},"extension":{},"message":"[worker-us-central1-swAPI-5d42bced-99e3-4659-8864-92b8dfd7152e]: BUSY"}}
[info] >  {"severity":"ERROR","message":"Error: Error getSingleOne service of starships > AxiosError: Request failed with status code 404\n    at entryFromArgs (C:\\Users\\tomas\\OneDrive\\Escritorio\\Proyectos\\Conexa\\ConexaPlanet\\functions\\node_modules\\firebase-functions\\lib\\logger\\index.js:130:19)\n    at Object.error (C:\\Users\\tomas\\OneDrive\\Escritorio\\Proyectos\\Conexa\\ConexaPlanet\\functions\\node_modules\\firebase-functions\\lib\\logger\\index.js:116:11)\n    at getSingleOne (C:\\Users\\tomas\\OneDrive\\Escritorio\\Proyectos\\Conexa\\ConexaPlanet\\functions\\lib\\services\\swAPI\\index.js:27:21)\n    at processTicksAndRejections (node:internal/process/task_queues:96:5)\n    at async C:\\Users\\tomas\\OneDrive\\Escritorio\\Proyectos\\Conexa\\ConexaPlanet\\functions\\lib\\routes\\starships\\index.js:29:32"} {"user":{"severity":"ERROR","message":"Error: Error getSingleOne service of starships > AxiosError: Request failed with status code 404\n    at entryFromArgs (C:\\Users\\tomas\\OneDrive\\Escritorio\\Proyectos\\Conexa\\ConexaPlanet\\functions\\node_modules\\firebase-functions\\lib\\logger\\index.js:130:19)\n    at Object.error (C:\\Users\\tomas\\OneDrive\\Escritorio\\Proyectos\\Conexa\\ConexaPlanet\\functions\\node_modules\\firebase-functions\\lib\\logger\\index.js:116:11)\n    at getSingleOne (C:\\Users\\tomas\\OneDrive\\Escritorio\\Proyectos\\Conexa\\ConexaPlanet\\functions\\lib\\services\\swAPI\\index.js:27:21)\n    at processTicksAndRejections (node:internal/process/task_queues:96:5)\n    at async C:\\Users\\tomas\\OneDrive\\Escritorio\\Proyectos\\Conexa\\ConexaPlanet\\functions\\lib\\routes\\starships\\index.js:29:32"},"metadata":{"emulator":{"name":"functions"},"function":{"name":"us-central1-swAPI"},"extension":{},"message":"\u001b[90m> \u001b[39m {\"severity\":\"ERROR\",\"message\":\"Error: Error getSingleOne service of starships > AxiosError: Request failed with status code 404\\n    at entryFromArgs (C:\\\\Users\\\\tomas\\\\OneDrive\\\\Escritorio\\\\Proyectos\\\\Conexa\\\\ConexaPlanet\\\\functions\\\\node_modules\\\\firebase-functions\\\\lib\\\\logger\\\\index.js:130:19)\\n    at Object.error (C:\\\\Users\\\\tomas\\\\OneDrive\\\\Escritorio\\\\Proyectos\\\\Conexa\\\\ConexaPlanet\\\\functions\\\\node_modules\\\\firebase-functions\\\\lib\\\\logger\\\\index.js:116:11)\\n    at getSingleOne (C:\\\\Users\\\\tomas\\\\OneDrive\\\\Escritorio\\\\Proyectos\\\\Conexa\\\\ConexaPlanet\\\\functions\\\\lib\\\\services\\\\swAPI\\\\index.js:27:21)\\n    at processTicksAndRejections (node:internal/process/task_queues:96:5)\\n    at async C:\\\\Users\\\\tomas\\\\OneDrive\\\\Escritorio\\\\Proyectos\\\\Conexa\\\\ConexaPlanet\\\\functions\\\\lib\\\\routes\\\\starships\\\\index.js:29:32\"}"}}
[debug] [2023-08-12T22:28:36.886Z] Finishing up request with event=pause {"metadata":{"emulator":{"name":"functions"},"function":{"name":"us-central1-swAPI"},"extension":{},"message":"Finishing up request with event=pause"}}
[info] i  functions: Finished "us-central1-swAPI" in 1716.1395ms {"metadata":{"emulator":{"name":"functions"},"function":{"name":"us-central1-swAPI"},"extension":{},"message":"Finished \"us-central1-swAPI\" in 1716.1395ms"}}
[debug] [2023-08-12T22:28:36.886Z] [worker-us-central1-swAPI-5d42bced-99e3-4659-8864-92b8dfd7152e]: IDLE {"metadata":{"emulator":{"name":"functions"},"function":{"name":"us-central1-swAPI"},"extension":{},"message":"[worker-us-central1-swAPI-5d42bced-99e3-4659-8864-92b8dfd7152e]: IDLE"}}
[debug] [2023-08-12T22:28:36.886Z] Finishing up request with event=finish {"metadata":{"emulator":{"name":"functions"},"function":{"name":"us-central1-swAPI"},"extension":{},"message":"Finishing up request with event=finish"}}
[debug] [2023-08-12T22:28:36.887Z] Finishing up request with event=close {"metadata":{"emulator":{"name":"functions"},"function":{"name":"us-central1-swAPI"},"extension":{},"message":"Finishing up request with event=close"}}
[debug] [2023-08-12T22:28:36.887Z] [work-queue] {"queuedWork":[],"queueLength":0,"runningWork":[],"workRunningCount":0}
[info] >  {"severity":"ERROR","message":"Error: Error bringing starship 8: Error: Error getSingleOne service of starships > AxiosError: Request failed with status code 404\n    at entryFromArgs (C:\\Users\\tomas\\OneDrive\\Escritorio\\Proyectos\\Conexa\\ConexaPlanet\\functions\\node_modules\\firebase-functions\\lib\\logger\\index.js:130:19)\n    at Object.error (C:\\Users\\tomas\\OneDrive\\Escritorio\\Proyectos\\Conexa\\ConexaPlanet\\functions\\node_modules\\firebase-functions\\lib\\logger\\index.js:116:11)\n    at C:\\Users\\tomas\\OneDrive\\Escritorio\\Proyectos\\Conexa\\ConexaPlanet\\functions\\lib\\routes\\starships\\index.js:33:21\n    at processTicksAndRejections (node:internal/process/task_queues:96:5)"} {"user":{"severity":"ERROR","message":"Error: Error bringing starship 8: Error: Error getSingleOne service of starships > AxiosError: Request failed with status code 404\n    at entryFromArgs (C:\\Users\\tomas\\OneDrive\\Escritorio\\Proyectos\\Conexa\\ConexaPlanet\\functions\\node_modules\\firebase-functions\\lib\\logger\\index.js:130:19)\n    at Object.error (C:\\Users\\tomas\\OneDrive\\Escritorio\\Proyectos\\Conexa\\ConexaPlanet\\functions\\node_modules\\firebase-functions\\lib\\logger\\index.js:116:11)\n    at C:\\Users\\tomas\\OneDrive\\Escritorio\\Proyectos\\Conexa\\ConexaPlanet\\functions\\lib\\routes\\starships\\index.js:33:21\n    at processTicksAndRejections (node:internal/process/task_queues:96:5)"},"metadata":{"emulator":{"name":"functions"},"function":{"name":"us-central1-swAPI"},"extension":{},"message":"\u001b[90m> \u001b[39m {\"severity\":\"ERROR\",\"message\":\"Error: Error bringing starship 8: Error: Error getSingleOne service of starships > AxiosError: Request failed with status code 404\\n    at entryFromArgs (C:\\\\Users\\\\tomas\\\\OneDrive\\\\Escritorio\\\\Proyectos\\\\Conexa\\\\ConexaPlanet\\\\functions\\\\node_modules\\\\firebase-functions\\\\lib\\\\logger\\\\index.js:130:19)\\n    at Object.error (C:\\\\Users\\\\tomas\\\\OneDrive\\\\Escritorio\\\\Proyectos\\\\Conexa\\\\ConexaPlanet\\\\functions\\\\node_modules\\\\firebase-functions\\\\lib\\\\logger\\\\index.js:116:11)\\n    at C:\\\\Users\\\\tomas\\\\OneDrive\\\\Escritorio\\\\Proyectos\\\\Conexa\\\\ConexaPlanet\\\\functions\\\\lib\\\\routes\\\\starships\\\\index.js:33:21\\n    at processTicksAndRejections (node:internal/process/task_queues:96:5)\"}"}}
[debug] [2023-08-12T22:29:29.204Z] [work-queue] {"queuedWork":["/lemur-digital/us-central1/swAPI/starships/8-2023-08-12T22:29:29.204Z"],"queueLength":1,"runningWork":[],"workRunningCount":0}
[debug] [2023-08-12T22:29:29.204Z] [work-queue] {"queuedWork":[],"queueLength":0,"runningWork":["/lemur-digital/us-central1/swAPI/starships/8-2023-08-12T22:29:29.204Z"],"workRunningCount":1}
[debug] [2023-08-12T22:29:29.204Z] Accepted request GET /lemur-digital/us-central1/swAPI/starships/8 --> us-central1-swAPI
[debug] [2023-08-12T22:29:29.206Z] [functions] Runtime ready! Sending request! {"metadata":{"emulator":{"name":"functions"},"message":"[functions] Runtime ready! Sending request!"}}
[debug] [2023-08-12T22:29:29.206Z] [functions] Got req.url=/lemur-digital/us-central1/swAPI/starships/8, mapping to path=/starships/8 {"metadata":{"emulator":{"name":"functions"},"message":"[functions] Got req.url=/lemur-digital/us-central1/swAPI/starships/8, mapping to path=/starships/8"}}
[debug] [2023-08-12T22:29:29.206Z] [worker-pool] submitRequest(triggerId=us-central1-swAPI) {"metadata":{"emulator":{"name":"functions"},"message":"[worker-pool] submitRequest(triggerId=us-central1-swAPI)"}}
[info] i  functions: Beginning execution of "us-central1-swAPI" {"metadata":{"emulator":{"name":"functions"},"function":{"name":"us-central1-swAPI"},"extension":{},"message":"Beginning execution of \"us-central1-swAPI\""}}
[debug] [2023-08-12T22:29:29.206Z] [worker-us-central1-swAPI-5d42bced-99e3-4659-8864-92b8dfd7152e]: BUSY {"metadata":{"emulator":{"name":"functions"},"function":{"name":"us-central1-swAPI"},"extension":{},"message":"[worker-us-central1-swAPI-5d42bced-99e3-4659-8864-92b8dfd7152e]: BUSY"}}
[info] >  {"severity":"ERROR","message":"Error: Error getSingleOne service of starships > AxiosError: Request failed with status code 404\n    at entryFromArgs (C:\\Users\\tomas\\OneDrive\\Escritorio\\Proyectos\\Conexa\\ConexaPlanet\\functions\\node_modules\\firebase-functions\\lib\\logger\\index.js:130:19)\n    at Object.error (C:\\Users\\tomas\\OneDrive\\Escritorio\\Proyectos\\Conexa\\ConexaPlanet\\functions\\node_modules\\firebase-functions\\lib\\logger\\index.js:116:11)\n    at getSingleOne (C:\\Users\\tomas\\OneDrive\\Escritorio\\Proyectos\\Conexa\\ConexaPlanet\\functions\\lib\\services\\swAPI\\index.js:27:21)\n    at processTicksAndRejections (node:internal/process/task_queues:96:5)\n    at async C:\\Users\\tomas\\OneDrive\\Escritorio\\Proyectos\\Conexa\\ConexaPlanet\\functions\\lib\\routes\\starships\\index.js:29:32"} {"user":{"severity":"ERROR","message":"Error: Error getSingleOne service of starships > AxiosError: Request failed with status code 404\n    at entryFromArgs (C:\\Users\\tomas\\OneDrive\\Escritorio\\Proyectos\\Conexa\\ConexaPlanet\\functions\\node_modules\\firebase-functions\\lib\\logger\\index.js:130:19)\n    at Object.error (C:\\Users\\tomas\\OneDrive\\Escritorio\\Proyectos\\Conexa\\ConexaPlanet\\functions\\node_modules\\firebase-functions\\lib\\logger\\index.js:116:11)\n    at getSingleOne (C:\\Users\\tomas\\OneDrive\\Escritorio\\Proyectos\\Conexa\\ConexaPlanet\\functions\\lib\\services\\swAPI\\index.js:27:21)\n    at processTicksAndRejections (node:internal/process/task_queues:96:5)\n    at async C:\\Users\\tomas\\OneDrive\\Escritorio\\Proyectos\\Conexa\\ConexaPlanet\\functions\\lib\\routes\\starships\\index.js:29:32"},"metadata":{"emulator":{"name":"functions"},"function":{"name":"us-central1-swAPI"},"extension":{},"message":"\u001b[90m> \u001b[39m {\"severity\":\"ERROR\",\"message\":\"Error: Error getSingleOne service of starships > AxiosError: Request failed with status code 404\\n    at entryFromArgs (C:\\\\Users\\\\tomas\\\\OneDrive\\\\Escritorio\\\\Proyectos\\\\Conexa\\\\ConexaPlanet\\\\functions\\\\node_modules\\\\firebase-functions\\\\lib\\\\logger\\\\index.js:130:19)\\n    at Object.error (C:\\\\Users\\\\tomas\\\\OneDrive\\\\Escritorio\\\\Proyectos\\\\Conexa\\\\ConexaPlanet\\\\functions\\\\node_modules\\\\firebase-functions\\\\lib\\\\logger\\\\index.js:116:11)\\n    at getSingleOne (C:\\\\Users\\\\tomas\\\\OneDrive\\\\Escritorio\\\\Proyectos\\\\Conexa\\\\ConexaPlanet\\\\functions\\\\lib\\\\services\\\\swAPI\\\\index.js:27:21)\\n    at processTicksAndRejections (node:internal/process/task_queues:96:5)\\n    at async C:\\\\Users\\\\tomas\\\\OneDrive\\\\Escritorio\\\\Proyectos\\\\Conexa\\\\ConexaPlanet\\\\functions\\\\lib\\\\routes\\\\starships\\\\index.js:29:32\"}"}}
[debug] [2023-08-12T22:29:30.043Z] Finishing up request with event=pause {"metadata":{"emulator":{"name":"functions"},"function":{"name":"us-central1-swAPI"},"extension":{},"message":"Finishing up request with event=pause"}}
[info] i  functions: Finished "us-central1-swAPI" in 836.8373ms {"metadata":{"emulator":{"name":"functions"},"function":{"name":"us-central1-swAPI"},"extension":{},"message":"Finished \"us-central1-swAPI\" in 836.8373ms"}}
[debug] [2023-08-12T22:29:30.044Z] [worker-us-central1-swAPI-5d42bced-99e3-4659-8864-92b8dfd7152e]: IDLE {"metadata":{"emulator":{"name":"functions"},"function":{"name":"us-central1-swAPI"},"extension":{},"message":"[worker-us-central1-swAPI-5d42bced-99e3-4659-8864-92b8dfd7152e]: IDLE"}}
[debug] [2023-08-12T22:29:30.044Z] Finishing up request with event=finish {"metadata":{"emulator":{"name":"functions"},"function":{"name":"us-central1-swAPI"},"extension":{},"message":"Finishing up request with event=finish"}}
[debug] [2023-08-12T22:29:30.044Z] Finishing up request with event=close {"metadata":{"emulator":{"name":"functions"},"function":{"name":"us-central1-swAPI"},"extension":{},"message":"Finishing up request with event=close"}}
[debug] [2023-08-12T22:29:30.044Z] [work-queue] {"queuedWork":[],"queueLength":0,"runningWork":[],"workRunningCount":0}
[info] >  {"severity":"ERROR","message":"Error: Error bringing starship 8: Error: Error getSingleOne service of starships > AxiosError: Request failed with status code 404\n    at entryFromArgs (C:\\Users\\tomas\\OneDrive\\Escritorio\\Proyectos\\Conexa\\ConexaPlanet\\functions\\node_modules\\firebase-functions\\lib\\logger\\index.js:130:19)\n    at Object.error (C:\\Users\\tomas\\OneDrive\\Escritorio\\Proyectos\\Conexa\\ConexaPlanet\\functions\\node_modules\\firebase-functions\\lib\\logger\\index.js:116:11)\n    at C:\\Users\\tomas\\OneDrive\\Escritorio\\Proyectos\\Conexa\\ConexaPlanet\\functions\\lib\\routes\\starships\\index.js:33:21\n    at processTicksAndRejections (node:internal/process/task_queues:96:5)"} {"user":{"severity":"ERROR","message":"Error: Error bringing starship 8: Error: Error getSingleOne service of starships > AxiosError: Request failed with status code 404\n    at entryFromArgs (C:\\Users\\tomas\\OneDrive\\Escritorio\\Proyectos\\Conexa\\ConexaPlanet\\functions\\node_modules\\firebase-functions\\lib\\logger\\index.js:130:19)\n    at Object.error (C:\\Users\\tomas\\OneDrive\\Escritorio\\Proyectos\\Conexa\\ConexaPlanet\\functions\\node_modules\\firebase-functions\\lib\\logger\\index.js:116:11)\n    at C:\\Users\\tomas\\OneDrive\\Escritorio\\Proyectos\\Conexa\\ConexaPlanet\\functions\\lib\\routes\\starships\\index.js:33:21\n    at processTicksAndRejections (node:internal/process/task_queues:96:5)"},"metadata":{"emulator":{"name":"functions"},"function":{"name":"us-central1-swAPI"},"extension":{},"message":"\u001b[90m> \u001b[39m {\"severity\":\"ERROR\",\"message\":\"Error: Error bringing starship 8: Error: Error getSingleOne service of starships > AxiosError: Request failed with status code 404\\n    at entryFromArgs (C:\\\\Users\\\\tomas\\\\OneDrive\\\\Escritorio\\\\Proyectos\\\\Conexa\\\\ConexaPlanet\\\\functions\\\\node_modules\\\\firebase-functions\\\\lib\\\\logger\\\\index.js:130:19)\\n    at Object.error (C:\\\\Users\\\\tomas\\\\OneDrive\\\\Escritorio\\\\Proyectos\\\\Conexa\\\\ConexaPlanet\\\\functions\\\\node_modules\\\\firebase-functions\\\\lib\\\\logger\\\\index.js:116:11)\\n    at C:\\\\Users\\\\tomas\\\\OneDrive\\\\Escritorio\\\\Proyectos\\\\Conexa\\\\ConexaPlanet\\\\functions\\\\lib\\\\routes\\\\starships\\\\index.js:33:21\\n    at processTicksAndRejections (node:internal/process/task_queues:96:5)\"}"}}
[debug] [2023-08-12T22:29:43.245Z] File C:\Users\tomas\OneDrive\Escritorio\Proyectos\Conexa\ConexaPlanet\functions\src\routes\index.ts changed, reloading triggers {"metadata":{"emulator":{"name":"functions"},"message":"File C:\\Users\\tomas\\OneDrive\\Escritorio\\Proyectos\\Conexa\\ConexaPlanet\\functions\\src\\routes\\index.ts changed, reloading triggers"}}
[debug] [2023-08-12T22:29:44.256Z] Validating nodejs source
[debug] [2023-08-12T22:29:46.280Z] > [functions] package.json contents: {
  "name": "functions",
  "scripts": {
    "build": "tsc",
    "build:watch": "tsc --watch",
    "serve": "npm run build && firebase emulators:start --only functions",
    "shell": "npm run build && firebase functions:shell",
    "start": "npm run shell",
    "deploy": "firebase deploy --only functions",
    "logs": "firebase functions:log"
  },
  "engines": {
    "node": "18"
  },
  "main": "lib/index.js",
  "dependencies": {
    "axios": "^1.4.0",
    "cors": "^2.8.5",
    "express": "^4.18.2",
    "firebase-admin": "^11.8.0",
    "firebase-functions": "^4.3.1"
  },
  "devDependencies": {
    "firebase-functions-test": "^3.1.0",
    "typescript": "^4.9.0"
  },
  "private": true
}
[debug] [2023-08-12T22:29:46.280Z] Building nodejs source
[debug] [2023-08-12T22:29:46.280Z] Failed to find version of module node: reached end of search path C:\Users\tomas\OneDrive\Escritorio\Proyectos\Conexa\ConexaPlanet\functions\node_modules
[warn] !  functions: Your requested "node" version "18" doesn't match your global version "16". Using node@16 from host. 
[debug] [2023-08-12T22:29:46.281Z] Could not find functions.yaml. Must use http discovery
[debug] [2023-08-12T22:29:46.286Z] Found firebase-functions binary at 'C:\Users\tomas\OneDrive\Escritorio\Proyectos\Conexa\ConexaPlanet\functions\node_modules\.bin\firebase-functions'
[info] Serving at port 8202

[debug] [2023-08-12T22:29:47.209Z] Got response from /__/functions.yaml {"endpoints":{"swAPI":{"platform":"gcfv1","availableMemoryMb":null,"timeoutSeconds":null,"minInstances":null,"maxInstances":null,"ingressSettings":null,"serviceAccountEmail":null,"vpc":null,"httpsTrigger":{},"entryPoint":"swAPI"}},"specVersion":"v1alpha1","requiredAPIs":[]}
[info] shutdown requested via /__/quitquitquit

[info] +  functions: Loaded functions definitions from source: swAPI. {"metadata":{"emulator":{"name":"functions"},"message":"Loaded functions definitions from source: swAPI."}}
[debug] [2023-08-12T22:29:47.224Z] [worker-pool] Shutting down IDLE worker (us-central1-swAPI) {"metadata":{"emulator":{"name":"functions"},"message":"[worker-pool] Shutting down IDLE worker (us-central1-swAPI)"}}
[debug] [2023-08-12T22:29:47.224Z] [worker-us-central1-swAPI-5d42bced-99e3-4659-8864-92b8dfd7152e]: FINISHING {"metadata":{"emulator":{"name":"functions"},"function":{"name":"us-central1-swAPI"},"extension":{},"message":"[worker-us-central1-swAPI-5d42bced-99e3-4659-8864-92b8dfd7152e]: FINISHING"}}
[debug] [2023-08-12T22:29:47.231Z] [worker-us-central1-swAPI-5d42bced-99e3-4659-8864-92b8dfd7152e]: exited {"metadata":{"emulator":{"name":"functions"},"function":{"name":"us-central1-swAPI"},"extension":{},"message":"[worker-us-central1-swAPI-5d42bced-99e3-4659-8864-92b8dfd7152e]: exited"}}
[debug] [2023-08-12T22:29:47.231Z] [worker-us-central1-swAPI-5d42bced-99e3-4659-8864-92b8dfd7152e]: FINISHED {"metadata":{"emulator":{"name":"functions"},"function":{"name":"us-central1-swAPI"},"extension":{},"message":"[worker-us-central1-swAPI-5d42bced-99e3-4659-8864-92b8dfd7152e]: FINISHED"}}
[debug] [2023-08-12T22:29:48.235Z] File C:\Users\tomas\OneDrive\Escritorio\Proyectos\Conexa\ConexaPlanet\functions\src\routes\starships\index.ts changed, reloading triggers {"metadata":{"emulator":{"name":"functions"},"message":"File C:\\Users\\tomas\\OneDrive\\Escritorio\\Proyectos\\Conexa\\ConexaPlanet\\functions\\src\\routes\\starships\\index.ts changed, reloading triggers"}}
[debug] [2023-08-12T22:29:49.247Z] Validating nodejs source
[debug] [2023-08-12T22:29:51.291Z] > [functions] package.json contents: {
  "name": "functions",
  "scripts": {
    "build": "tsc",
    "build:watch": "tsc --watch",
    "serve": "npm run build && firebase emulators:start --only functions",
    "shell": "npm run build && firebase functions:shell",
    "start": "npm run shell",
    "deploy": "firebase deploy --only functions",
    "logs": "firebase functions:log"
  },
  "engines": {
    "node": "18"
  },
  "main": "lib/index.js",
  "dependencies": {
    "axios": "^1.4.0",
    "cors": "^2.8.5",
    "express": "^4.18.2",
    "firebase-admin": "^11.8.0",
    "firebase-functions": "^4.3.1"
  },
  "devDependencies": {
    "firebase-functions-test": "^3.1.0",
    "typescript": "^4.9.0"
  },
  "private": true
}
[debug] [2023-08-12T22:29:51.292Z] Building nodejs source
[debug] [2023-08-12T22:29:51.292Z] Failed to find version of module node: reached end of search path C:\Users\tomas\OneDrive\Escritorio\Proyectos\Conexa\ConexaPlanet\functions\node_modules
[warn] !  functions: Your requested "node" version "18" doesn't match your global version "16". Using node@16 from host. 
[debug] [2023-08-12T22:29:51.293Z] Could not find functions.yaml. Must use http discovery
[debug] [2023-08-12T22:29:51.297Z] Found firebase-functions binary at 'C:\Users\tomas\OneDrive\Escritorio\Proyectos\Conexa\ConexaPlanet\functions\node_modules\.bin\firebase-functions'
[debug] [2023-08-12T22:29:51.310Z] File C:\Users\tomas\OneDrive\Escritorio\Proyectos\Conexa\ConexaPlanet\functions\src\routes\starships\index.ts changed, reloading triggers {"metadata":{"emulator":{"name":"functions"},"message":"File C:\\Users\\tomas\\OneDrive\\Escritorio\\Proyectos\\Conexa\\ConexaPlanet\\functions\\src\\routes\\starships\\index.ts changed, reloading triggers"}}
[info] Serving at port 8113

[debug] [2023-08-12T22:29:52.221Z] Got response from /__/functions.yaml {"endpoints":{"swAPI":{"platform":"gcfv1","availableMemoryMb":null,"timeoutSeconds":null,"minInstances":null,"maxInstances":null,"ingressSettings":null,"serviceAccountEmail":null,"vpc":null,"httpsTrigger":{},"entryPoint":"swAPI"}},"specVersion":"v1alpha1","requiredAPIs":[]}
[info] shutdown requested via /__/quitquitquit

[info] +  functions: Loaded functions definitions from source: swAPI. {"metadata":{"emulator":{"name":"functions"},"message":"Loaded functions definitions from source: swAPI."}}
[debug] [2023-08-12T22:29:52.318Z] Validating nodejs source
[debug] [2023-08-12T22:29:54.363Z] > [functions] package.json contents: {
  "name": "functions",
  "scripts": {
    "build": "tsc",
    "build:watch": "tsc --watch",
    "serve": "npm run build && firebase emulators:start --only functions",
    "shell": "npm run build && firebase functions:shell",
    "start": "npm run shell",
    "deploy": "firebase deploy --only functions",
    "logs": "firebase functions:log"
  },
  "engines": {
    "node": "18"
  },
  "main": "lib/index.js",
  "dependencies": {
    "axios": "^1.4.0",
    "cors": "^2.8.5",
    "express": "^4.18.2",
    "firebase-admin": "^11.8.0",
    "firebase-functions": "^4.3.1"
  },
  "devDependencies": {
    "firebase-functions-test": "^3.1.0",
    "typescript": "^4.9.0"
  },
  "private": true
}
[debug] [2023-08-12T22:29:54.363Z] Building nodejs source
[debug] [2023-08-12T22:29:54.363Z] Failed to find version of module node: reached end of search path C:\Users\tomas\OneDrive\Escritorio\Proyectos\Conexa\ConexaPlanet\functions\node_modules
[warn] !  functions: Your requested "node" version "18" doesn't match your global version "16". Using node@16 from host. 
[debug] [2023-08-12T22:29:54.364Z] Could not find functions.yaml. Must use http discovery
[debug] [2023-08-12T22:29:54.368Z] Found firebase-functions binary at 'C:\Users\tomas\OneDrive\Escritorio\Proyectos\Conexa\ConexaPlanet\functions\node_modules\.bin\firebase-functions'
[info] Serving at port 8836

[debug] [2023-08-12T22:29:55.284Z] Got response from /__/functions.yaml {"endpoints":{"swAPI":{"platform":"gcfv1","availableMemoryMb":null,"timeoutSeconds":null,"minInstances":null,"maxInstances":null,"ingressSettings":null,"serviceAccountEmail":null,"vpc":null,"httpsTrigger":{},"entryPoint":"swAPI"}},"specVersion":"v1alpha1","requiredAPIs":[]}
[info] shutdown requested via /__/quitquitquit

[info] +  functions: Loaded functions definitions from source: swAPI. {"metadata":{"emulator":{"name":"functions"},"message":"Loaded functions definitions from source: swAPI."}}
[debug] [2023-08-12T22:29:56.252Z] File C:\Users\tomas\OneDrive\Escritorio\Proyectos\Conexa\ConexaPlanet\functions\src\routes\starships\index.ts changed, reloading triggers {"metadata":{"emulator":{"name":"functions"},"message":"File C:\\Users\\tomas\\OneDrive\\Escritorio\\Proyectos\\Conexa\\ConexaPlanet\\functions\\src\\routes\\starships\\index.ts changed, reloading triggers"}}
[debug] [2023-08-12T22:29:57.259Z] Validating nodejs source
[debug] [2023-08-12T22:29:59.246Z] > [functions] package.json contents: {
  "name": "functions",
  "scripts": {
    "build": "tsc",
    "build:watch": "tsc --watch",
    "serve": "npm run build && firebase emulators:start --only functions",
    "shell": "npm run build && firebase functions:shell",
    "start": "npm run shell",
    "deploy": "firebase deploy --only functions",
    "logs": "firebase functions:log"
  },
  "engines": {
    "node": "18"
  },
  "main": "lib/index.js",
  "dependencies": {
    "axios": "^1.4.0",
    "cors": "^2.8.5",
    "express": "^4.18.2",
    "firebase-admin": "^11.8.0",
    "firebase-functions": "^4.3.1"
  },
  "devDependencies": {
    "firebase-functions-test": "^3.1.0",
    "typescript": "^4.9.0"
  },
  "private": true
}
[debug] [2023-08-12T22:29:59.246Z] Building nodejs source
[debug] [2023-08-12T22:29:59.246Z] Failed to find version of module node: reached end of search path C:\Users\tomas\OneDrive\Escritorio\Proyectos\Conexa\ConexaPlanet\functions\node_modules
[warn] !  functions: Your requested "node" version "18" doesn't match your global version "16". Using node@16 from host. 
[debug] [2023-08-12T22:29:59.247Z] Could not find functions.yaml. Must use http discovery
[debug] [2023-08-12T22:29:59.251Z] Found firebase-functions binary at 'C:\Users\tomas\OneDrive\Escritorio\Proyectos\Conexa\ConexaPlanet\functions\node_modules\.bin\firebase-functions'
[info] Serving at port 8000

[debug] [2023-08-12T22:30:00.192Z] Got response from /__/functions.yaml {"endpoints":{"swAPI":{"platform":"gcfv1","availableMemoryMb":null,"timeoutSeconds":null,"minInstances":null,"maxInstances":null,"ingressSettings":null,"serviceAccountEmail":null,"vpc":null,"httpsTrigger":{},"entryPoint":"swAPI"}},"specVersion":"v1alpha1","requiredAPIs":[]}
[info] shutdown requested via /__/quitquitquit

[info] +  functions: Loaded functions definitions from source: swAPI. {"metadata":{"emulator":{"name":"functions"},"message":"Loaded functions definitions from source: swAPI."}}
[debug] [2023-08-12T22:30:00.379Z] [work-queue] {"queuedWork":["/lemur-digital/us-central1/swAPI/starships-2023-08-12T22:30:00.379Z"],"queueLength":1,"runningWork":[],"workRunningCount":0}
[debug] [2023-08-12T22:30:00.379Z] [work-queue] {"queuedWork":[],"queueLength":0,"runningWork":["/lemur-digital/us-central1/swAPI/starships-2023-08-12T22:30:00.379Z"],"workRunningCount":1}
[debug] [2023-08-12T22:30:00.379Z] Accepted request GET /lemur-digital/us-central1/swAPI/starships --> us-central1-swAPI
[debug] [2023-08-12T22:30:00.382Z] [functions] Runtime ready! Sending request! {"metadata":{"emulator":{"name":"functions"},"message":"[functions] Runtime ready! Sending request!"}}
[debug] [2023-08-12T22:30:00.382Z] [functions] Got req.url=/lemur-digital/us-central1/swAPI/starships, mapping to path=/starships {"metadata":{"emulator":{"name":"functions"},"message":"[functions] Got req.url=/lemur-digital/us-central1/swAPI/starships, mapping to path=/starships"}}
[debug] [2023-08-12T22:30:00.382Z] [worker-pool] Cleaned up workers for us-central1-swAPI: 1 --> 0 {"metadata":{"emulator":{"name":"functions"},"message":"[worker-pool] Cleaned up workers for us-central1-swAPI: 1 --> 0"}}
[debug] [2023-08-12T22:30:00.912Z] [worker-pool] addWorker(us-central1-swAPI) {"metadata":{"emulator":{"name":"functions"},"message":"[worker-pool] addWorker(us-central1-swAPI)"}}
[debug] [2023-08-12T22:30:00.912Z] [worker-pool] Adding worker with key us-central1-swAPI, total=1 {"metadata":{"emulator":{"name":"functions"},"message":"[worker-pool] Adding worker with key us-central1-swAPI, total=1"}}
[debug] [2023-08-12T22:30:01.882Z] [runtime-status] [9488] Resolved module firebase-admin {"declared":true,"installed":true,"version":"11.10.1","resolution":"C:\\Users\\tomas\\OneDrive\\Escritorio\\Proyectos\\Conexa\\ConexaPlanet\\functions\\node_modules\\firebase-admin\\lib\\index.js"} {"metadata":{"emulator":{"name":"functions"},"function":{"name":"us-central1-swAPI"},"extension":{},"message":"[runtime-status] [9488] Resolved module firebase-admin {\"declared\":true,\"installed\":true,\"version\":\"11.10.1\",\"resolution\":\"C:\\\\Users\\\\tomas\\\\OneDrive\\\\Escritorio\\\\Proyectos\\\\Conexa\\\\ConexaPlanet\\\\functions\\\\node_modules\\\\firebase-admin\\\\lib\\\\index.js\"}"}}
[debug] [2023-08-12T22:30:01.883Z] [runtime-status] [9488] Resolved module firebase-functions {"declared":true,"installed":true,"version":"4.4.1","resolution":"C:\\Users\\tomas\\OneDrive\\Escritorio\\Proyectos\\Conexa\\ConexaPlanet\\functions\\node_modules\\firebase-functions\\lib\\v1\\index.js"} {"metadata":{"emulator":{"name":"functions"},"function":{"name":"us-central1-swAPI"},"extension":{},"message":"[runtime-status] [9488] Resolved module firebase-functions {\"declared\":true,\"installed\":true,\"version\":\"4.4.1\",\"resolution\":\"C:\\\\Users\\\\tomas\\\\OneDrive\\\\Escritorio\\\\Proyectos\\\\Conexa\\\\ConexaPlanet\\\\functions\\\\node_modules\\\\firebase-functions\\\\lib\\\\v1\\\\index.js\"}"}}
[debug] [2023-08-12T22:30:01.883Z] [runtime-status] [9488] Outgoing network have been stubbed. [{"name":"http","status":"mocked"},{"name":"http","status":"mocked"},{"name":"https","status":"mocked"},{"name":"https","status":"mocked"},{"name":"net","status":"mocked"}] {"metadata":{"emulator":{"name":"functions"},"function":{"name":"us-central1-swAPI"},"extension":{},"message":"[runtime-status] [9488] Outgoing network have been stubbed. [{\"name\":\"http\",\"status\":\"mocked\"},{\"name\":\"http\",\"status\":\"mocked\"},{\"name\":\"https\",\"status\":\"mocked\"},{\"name\":\"https\",\"status\":\"mocked\"},{\"name\":\"net\",\"status\":\"mocked\"}]"}}
[debug] [2023-08-12T22:30:01.884Z] [runtime-status] [9488] Resolved module firebase-functions {"declared":true,"installed":true,"version":"4.4.1","resolution":"C:\\Users\\tomas\\OneDrive\\Escritorio\\Proyectos\\Conexa\\ConexaPlanet\\functions\\node_modules\\firebase-functions\\lib\\v1\\index.js"} {"metadata":{"emulator":{"name":"functions"},"function":{"name":"us-central1-swAPI"},"extension":{},"message":"[runtime-status] [9488] Resolved module firebase-functions {\"declared\":true,\"installed\":true,\"version\":\"4.4.1\",\"resolution\":\"C:\\\\Users\\\\tomas\\\\OneDrive\\\\Escritorio\\\\Proyectos\\\\Conexa\\\\ConexaPlanet\\\\functions\\\\node_modules\\\\firebase-functions\\\\lib\\\\v1\\\\index.js\"}"}}
[debug] [2023-08-12T22:30:02.097Z] [runtime-status] [9488] Checked functions.config() {"config":{}} {"metadata":{"emulator":{"name":"functions"},"function":{"name":"us-central1-swAPI"},"extension":{},"message":"[runtime-status] [9488] Checked functions.config() {\"config\":{}}"}}
[debug] [2023-08-12T22:30:02.098Z] [runtime-status] [9488] firebase-functions has been stubbed. {"functionsResolution":{"declared":true,"installed":true,"version":"4.4.1","resolution":"C:\\Users\\tomas\\OneDrive\\Escritorio\\Proyectos\\Conexa\\ConexaPlanet\\functions\\node_modules\\firebase-functions\\lib\\v1\\index.js"}} {"metadata":{"emulator":{"name":"functions"},"function":{"name":"us-central1-swAPI"},"extension":{},"message":"[runtime-status] [9488] firebase-functions has been stubbed. {\"functionsResolution\":{\"declared\":true,\"installed\":true,\"version\":\"4.4.1\",\"resolution\":\"C:\\\\Users\\\\tomas\\\\OneDrive\\\\Escritorio\\\\Proyectos\\\\Conexa\\\\ConexaPlanet\\\\functions\\\\node_modules\\\\firebase-functions\\\\lib\\\\v1\\\\index.js\"}}"}}
[debug] [2023-08-12T22:30:02.098Z] [runtime-status] [9488] Resolved module firebase-functions {"declared":true,"installed":true,"version":"4.4.1","resolution":"C:\\Users\\tomas\\OneDrive\\Escritorio\\Proyectos\\Conexa\\ConexaPlanet\\functions\\node_modules\\firebase-functions\\lib\\v1\\index.js"} {"metadata":{"emulator":{"name":"functions"},"function":{"name":"us-central1-swAPI"},"extension":{},"message":"[runtime-status] [9488] Resolved module firebase-functions {\"declared\":true,\"installed\":true,\"version\":\"4.4.1\",\"resolution\":\"C:\\\\Users\\\\tomas\\\\OneDrive\\\\Escritorio\\\\Proyectos\\\\Conexa\\\\ConexaPlanet\\\\functions\\\\node_modules\\\\firebase-functions\\\\lib\\\\v1\\\\index.js\"}"}}
[debug] [2023-08-12T22:30:02.099Z] [runtime-status] [9488] Resolved module firebase-admin {"declared":true,"installed":true,"version":"11.10.1","resolution":"C:\\Users\\tomas\\OneDrive\\Escritorio\\Proyectos\\Conexa\\ConexaPlanet\\functions\\node_modules\\firebase-admin\\lib\\index.js"} {"metadata":{"emulator":{"name":"functions"},"function":{"name":"us-central1-swAPI"},"extension":{},"message":"[runtime-status] [9488] Resolved module firebase-admin {\"declared\":true,\"installed\":true,\"version\":\"11.10.1\",\"resolution\":\"C:\\\\Users\\\\tomas\\\\OneDrive\\\\Escritorio\\\\Proyectos\\\\Conexa\\\\ConexaPlanet\\\\functions\\\\node_modules\\\\firebase-admin\\\\lib\\\\index.js\"}"}}
[debug] [2023-08-12T22:30:02.101Z] [runtime-status] [9488] Resolved module firebase-functions {"declared":true,"installed":true,"version":"4.4.1","resolution":"C:\\Users\\tomas\\OneDrive\\Escritorio\\Proyectos\\Conexa\\ConexaPlanet\\functions\\node_modules\\firebase-functions\\lib\\v1\\index.js"} {"metadata":{"emulator":{"name":"functions"},"function":{"name":"us-central1-swAPI"},"extension":{},"message":"[runtime-status] [9488] Resolved module firebase-functions {\"declared\":true,\"installed\":true,\"version\":\"4.4.1\",\"resolution\":\"C:\\\\Users\\\\tomas\\\\OneDrive\\\\Escritorio\\\\Proyectos\\\\Conexa\\\\ConexaPlanet\\\\functions\\\\node_modules\\\\firebase-functions\\\\lib\\\\v1\\\\index.js\"}"}}
[debug] [2023-08-12T22:30:02.102Z] [runtime-status] [9488] firebase-admin has been stubbed. {"adminResolution":{"declared":true,"installed":true,"version":"11.10.1","resolution":"C:\\Users\\tomas\\OneDrive\\Escritorio\\Proyectos\\Conexa\\ConexaPlanet\\functions\\node_modules\\firebase-admin\\lib\\index.js"}} {"metadata":{"emulator":{"name":"functions"},"function":{"name":"us-central1-swAPI"},"extension":{},"message":"[runtime-status] [9488] firebase-admin has been stubbed. {\"adminResolution\":{\"declared\":true,\"installed\":true,\"version\":\"11.10.1\",\"resolution\":\"C:\\\\Users\\\\tomas\\\\OneDrive\\\\Escritorio\\\\Proyectos\\\\Conexa\\\\ConexaPlanet\\\\functions\\\\node_modules\\\\firebase-admin\\\\lib\\\\index.js\"}}"}}
[debug] [2023-08-12T22:30:02.212Z] [runtime-status] [9488] Functions runtime initialized. {"cwd":"C:\\Users\\tomas\\OneDrive\\Escritorio\\Proyectos\\Conexa\\ConexaPlanet\\functions","node_version":"16.18.0"} {"metadata":{"emulator":{"name":"functions"},"function":{"name":"us-central1-swAPI"},"extension":{},"message":"[runtime-status] [9488] Functions runtime initialized. {\"cwd\":\"C:\\\\Users\\\\tomas\\\\OneDrive\\\\Escritorio\\\\Proyectos\\\\Conexa\\\\ConexaPlanet\\\\functions\",\"node_version\":\"16.18.0\"}"}}
[debug] [2023-08-12T22:30:02.212Z] [runtime-status] [9488] Listening to port: \\?\pipe\fire_emu_3d9d7f1afb841476 {"metadata":{"emulator":{"name":"functions"},"function":{"name":"us-central1-swAPI"},"extension":{},"message":"[runtime-status] [9488] Listening to port: \\\\?\\pipe\\fire_emu_3d9d7f1afb841476"}}
[debug] [2023-08-12T22:30:02.234Z] [worker-us-central1-swAPI-044acad1-c190-421f-a1c2-206f166e073c]: IDLE {"metadata":{"emulator":{"name":"functions"},"function":{"name":"us-central1-swAPI"},"extension":{},"message":"[worker-us-central1-swAPI-044acad1-c190-421f-a1c2-206f166e073c]: IDLE"}}
[debug] [2023-08-12T22:30:02.234Z] [worker-pool] submitRequest(triggerId=us-central1-swAPI) {"metadata":{"emulator":{"name":"functions"},"message":"[worker-pool] submitRequest(triggerId=us-central1-swAPI)"}}
[info] i  functions: Beginning execution of "us-central1-swAPI" {"metadata":{"emulator":{"name":"functions"},"function":{"name":"us-central1-swAPI"},"extension":{},"message":"Beginning execution of \"us-central1-swAPI\""}}
[debug] [2023-08-12T22:30:02.235Z] [worker-us-central1-swAPI-044acad1-c190-421f-a1c2-206f166e073c]: BUSY {"metadata":{"emulator":{"name":"functions"},"function":{"name":"us-central1-swAPI"},"extension":{},"message":"[worker-us-central1-swAPI-044acad1-c190-421f-a1c2-206f166e073c]: BUSY"}}
[debug] [2023-08-12T22:30:04.240Z] Finishing up request with event=pause {"metadata":{"emulator":{"name":"functions"},"function":{"name":"us-central1-swAPI"},"extension":{},"message":"Finishing up request with event=pause"}}
[info] i  functions: Finished "us-central1-swAPI" in 2005.526ms {"metadata":{"emulator":{"name":"functions"},"function":{"name":"us-central1-swAPI"},"extension":{},"message":"Finished \"us-central1-swAPI\" in 2005.526ms"}}
[debug] [2023-08-12T22:30:04.241Z] [worker-us-central1-swAPI-044acad1-c190-421f-a1c2-206f166e073c]: IDLE {"metadata":{"emulator":{"name":"functions"},"function":{"name":"us-central1-swAPI"},"extension":{},"message":"[worker-us-central1-swAPI-044acad1-c190-421f-a1c2-206f166e073c]: IDLE"}}
[debug] [2023-08-12T22:30:04.241Z] Finishing up request with event=finish {"metadata":{"emulator":{"name":"functions"},"function":{"name":"us-central1-swAPI"},"extension":{},"message":"Finishing up request with event=finish"}}
[debug] [2023-08-12T22:30:04.241Z] Finishing up request with event=close {"metadata":{"emulator":{"name":"functions"},"function":{"name":"us-central1-swAPI"},"extension":{},"message":"Finishing up request with event=close"}}
[debug] [2023-08-12T22:30:04.241Z] [work-queue] {"queuedWork":[],"queueLength":0,"runningWork":[],"workRunningCount":0}
[debug] [2023-08-12T22:30:09.218Z] [work-queue] {"queuedWork":["/lemur-digital/us-central1/swAPI/starships/2-2023-08-12T22:30:09.218Z"],"queueLength":1,"runningWork":[],"workRunningCount":0}
[debug] [2023-08-12T22:30:09.218Z] [work-queue] {"queuedWork":[],"queueLength":0,"runningWork":["/lemur-digital/us-central1/swAPI/starships/2-2023-08-12T22:30:09.218Z"],"workRunningCount":1}
[debug] [2023-08-12T22:30:09.218Z] Accepted request GET /lemur-digital/us-central1/swAPI/starships/2 --> us-central1-swAPI
[debug] [2023-08-12T22:30:09.220Z] [functions] Runtime ready! Sending request! {"metadata":{"emulator":{"name":"functions"},"message":"[functions] Runtime ready! Sending request!"}}
[debug] [2023-08-12T22:30:09.220Z] [functions] Got req.url=/lemur-digital/us-central1/swAPI/starships/2, mapping to path=/starships/2 {"metadata":{"emulator":{"name":"functions"},"message":"[functions] Got req.url=/lemur-digital/us-central1/swAPI/starships/2, mapping to path=/starships/2"}}
[debug] [2023-08-12T22:30:09.220Z] [worker-pool] submitRequest(triggerId=us-central1-swAPI) {"metadata":{"emulator":{"name":"functions"},"message":"[worker-pool] submitRequest(triggerId=us-central1-swAPI)"}}
[info] i  functions: Beginning execution of "us-central1-swAPI" {"metadata":{"emulator":{"name":"functions"},"function":{"name":"us-central1-swAPI"},"extension":{},"message":"Beginning execution of \"us-central1-swAPI\""}}
[debug] [2023-08-12T22:30:09.221Z] [worker-us-central1-swAPI-044acad1-c190-421f-a1c2-206f166e073c]: BUSY {"metadata":{"emulator":{"name":"functions"},"function":{"name":"us-central1-swAPI"},"extension":{},"message":"[worker-us-central1-swAPI-044acad1-c190-421f-a1c2-206f166e073c]: BUSY"}}
[debug] [2023-08-12T22:30:10.149Z] Finishing up request with event=pause {"metadata":{"emulator":{"name":"functions"},"function":{"name":"us-central1-swAPI"},"extension":{},"message":"Finishing up request with event=pause"}}
[info] i  functions: Finished "us-central1-swAPI" in 928.946ms {"metadata":{"emulator":{"name":"functions"},"function":{"name":"us-central1-swAPI"},"extension":{},"message":"Finished \"us-central1-swAPI\" in 928.946ms"}}
[debug] [2023-08-12T22:30:10.150Z] [worker-us-central1-swAPI-044acad1-c190-421f-a1c2-206f166e073c]: IDLE {"metadata":{"emulator":{"name":"functions"},"function":{"name":"us-central1-swAPI"},"extension":{},"message":"[worker-us-central1-swAPI-044acad1-c190-421f-a1c2-206f166e073c]: IDLE"}}
[debug] [2023-08-12T22:30:10.150Z] Finishing up request with event=finish {"metadata":{"emulator":{"name":"functions"},"function":{"name":"us-central1-swAPI"},"extension":{},"message":"Finishing up request with event=finish"}}
[debug] [2023-08-12T22:30:10.150Z] Finishing up request with event=close {"metadata":{"emulator":{"name":"functions"},"function":{"name":"us-central1-swAPI"},"extension":{},"message":"Finishing up request with event=close"}}
[debug] [2023-08-12T22:30:10.150Z] [work-queue] {"queuedWork":[],"queueLength":0,"runningWork":[],"workRunningCount":0}
[debug] [2023-08-12T22:30:13.960Z] [work-queue] {"queuedWork":["/lemur-digital/us-central1/swAPI/starships/5-2023-08-12T22:30:13.960Z"],"queueLength":1,"runningWork":[],"workRunningCount":0}
[debug] [2023-08-12T22:30:13.961Z] [work-queue] {"queuedWork":[],"queueLength":0,"runningWork":["/lemur-digital/us-central1/swAPI/starships/5-2023-08-12T22:30:13.960Z"],"workRunningCount":1}
[debug] [2023-08-12T22:30:13.961Z] Accepted request GET /lemur-digital/us-central1/swAPI/starships/5 --> us-central1-swAPI
[debug] [2023-08-12T22:30:13.962Z] [functions] Runtime ready! Sending request! {"metadata":{"emulator":{"name":"functions"},"message":"[functions] Runtime ready! Sending request!"}}
[debug] [2023-08-12T22:30:13.962Z] [functions] Got req.url=/lemur-digital/us-central1/swAPI/starships/5, mapping to path=/starships/5 {"metadata":{"emulator":{"name":"functions"},"message":"[functions] Got req.url=/lemur-digital/us-central1/swAPI/starships/5, mapping to path=/starships/5"}}
[debug] [2023-08-12T22:30:13.962Z] [worker-pool] submitRequest(triggerId=us-central1-swAPI) {"metadata":{"emulator":{"name":"functions"},"message":"[worker-pool] submitRequest(triggerId=us-central1-swAPI)"}}
[info] i  functions: Beginning execution of "us-central1-swAPI" {"metadata":{"emulator":{"name":"functions"},"function":{"name":"us-central1-swAPI"},"extension":{},"message":"Beginning execution of \"us-central1-swAPI\""}}
[debug] [2023-08-12T22:30:13.963Z] [worker-us-central1-swAPI-044acad1-c190-421f-a1c2-206f166e073c]: BUSY {"metadata":{"emulator":{"name":"functions"},"function":{"name":"us-central1-swAPI"},"extension":{},"message":"[worker-us-central1-swAPI-044acad1-c190-421f-a1c2-206f166e073c]: BUSY"}}
[debug] [2023-08-12T22:30:14.973Z] Finishing up request with event=pause {"metadata":{"emulator":{"name":"functions"},"function":{"name":"us-central1-swAPI"},"extension":{},"message":"Finishing up request with event=pause"}}
[info] i  functions: Finished "us-central1-swAPI" in 1010.2848ms {"metadata":{"emulator":{"name":"functions"},"function":{"name":"us-central1-swAPI"},"extension":{},"message":"Finished \"us-central1-swAPI\" in 1010.2848ms"}}
[debug] [2023-08-12T22:30:14.974Z] [worker-us-central1-swAPI-044acad1-c190-421f-a1c2-206f166e073c]: IDLE {"metadata":{"emulator":{"name":"functions"},"function":{"name":"us-central1-swAPI"},"extension":{},"message":"[worker-us-central1-swAPI-044acad1-c190-421f-a1c2-206f166e073c]: IDLE"}}
[debug] [2023-08-12T22:30:14.974Z] Finishing up request with event=finish {"metadata":{"emulator":{"name":"functions"},"function":{"name":"us-central1-swAPI"},"extension":{},"message":"Finishing up request with event=finish"}}
[debug] [2023-08-12T22:30:14.974Z] Finishing up request with event=close {"metadata":{"emulator":{"name":"functions"},"function":{"name":"us-central1-swAPI"},"extension":{},"message":"Finishing up request with event=close"}}
[debug] [2023-08-12T22:30:14.974Z] [work-queue] {"queuedWork":[],"queueLength":0,"runningWork":[],"workRunningCount":0}
[debug] [2023-08-12T22:30:18.119Z] [work-queue] {"queuedWork":["/lemur-digital/us-central1/swAPI/starships/9-2023-08-12T22:30:18.119Z"],"queueLength":1,"runningWork":[],"workRunningCount":0}
[debug] [2023-08-12T22:30:18.119Z] [work-queue] {"queuedWork":[],"queueLength":0,"runningWork":["/lemur-digital/us-central1/swAPI/starships/9-2023-08-12T22:30:18.119Z"],"workRunningCount":1}
[debug] [2023-08-12T22:30:18.119Z] Accepted request GET /lemur-digital/us-central1/swAPI/starships/9 --> us-central1-swAPI
[debug] [2023-08-12T22:30:18.121Z] [functions] Runtime ready! Sending request! {"metadata":{"emulator":{"name":"functions"},"message":"[functions] Runtime ready! Sending request!"}}
[debug] [2023-08-12T22:30:18.121Z] [functions] Got req.url=/lemur-digital/us-central1/swAPI/starships/9, mapping to path=/starships/9 {"metadata":{"emulator":{"name":"functions"},"message":"[functions] Got req.url=/lemur-digital/us-central1/swAPI/starships/9, mapping to path=/starships/9"}}
[debug] [2023-08-12T22:30:18.121Z] [worker-pool] submitRequest(triggerId=us-central1-swAPI) {"metadata":{"emulator":{"name":"functions"},"message":"[worker-pool] submitRequest(triggerId=us-central1-swAPI)"}}
[info] i  functions: Beginning execution of "us-central1-swAPI" {"metadata":{"emulator":{"name":"functions"},"function":{"name":"us-central1-swAPI"},"extension":{},"message":"Beginning execution of \"us-central1-swAPI\""}}
[debug] [2023-08-12T22:30:18.121Z] [worker-us-central1-swAPI-044acad1-c190-421f-a1c2-206f166e073c]: BUSY {"metadata":{"emulator":{"name":"functions"},"function":{"name":"us-central1-swAPI"},"extension":{},"message":"[worker-us-central1-swAPI-044acad1-c190-421f-a1c2-206f166e073c]: BUSY"}}
[debug] [2023-08-12T22:30:19.029Z] Finishing up request with event=pause {"metadata":{"emulator":{"name":"functions"},"function":{"name":"us-central1-swAPI"},"extension":{},"message":"Finishing up request with event=pause"}}
[info] i  functions: Finished "us-central1-swAPI" in 907.4145ms {"metadata":{"emulator":{"name":"functions"},"function":{"name":"us-central1-swAPI"},"extension":{},"message":"Finished \"us-central1-swAPI\" in 907.4145ms"}}
[debug] [2023-08-12T22:30:19.029Z] [worker-us-central1-swAPI-044acad1-c190-421f-a1c2-206f166e073c]: IDLE {"metadata":{"emulator":{"name":"functions"},"function":{"name":"us-central1-swAPI"},"extension":{},"message":"[worker-us-central1-swAPI-044acad1-c190-421f-a1c2-206f166e073c]: IDLE"}}
[debug] [2023-08-12T22:30:19.030Z] Finishing up request with event=finish {"metadata":{"emulator":{"name":"functions"},"function":{"name":"us-central1-swAPI"},"extension":{},"message":"Finishing up request with event=finish"}}
[debug] [2023-08-12T22:30:19.030Z] Finishing up request with event=close {"metadata":{"emulator":{"name":"functions"},"function":{"name":"us-central1-swAPI"},"extension":{},"message":"Finishing up request with event=close"}}
[debug] [2023-08-12T22:30:19.030Z] [work-queue] {"queuedWork":[],"queueLength":0,"runningWork":[],"workRunningCount":0}
[debug] [2023-08-12T22:30:25.463Z] [work-queue] {"queuedWork":["/lemur-digital/us-central1/swAPI/starships/8-2023-08-12T22:30:25.463Z"],"queueLength":1,"runningWork":[],"workRunningCount":0}
[debug] [2023-08-12T22:30:25.463Z] [work-queue] {"queuedWork":[],"queueLength":0,"runningWork":["/lemur-digital/us-central1/swAPI/starships/8-2023-08-12T22:30:25.463Z"],"workRunningCount":1}
[debug] [2023-08-12T22:30:25.464Z] Accepted request GET /lemur-digital/us-central1/swAPI/starships/8 --> us-central1-swAPI
[debug] [2023-08-12T22:30:25.466Z] [functions] Runtime ready! Sending request! {"metadata":{"emulator":{"name":"functions"},"message":"[functions] Runtime ready! Sending request!"}}
[debug] [2023-08-12T22:30:25.466Z] [functions] Got req.url=/lemur-digital/us-central1/swAPI/starships/8, mapping to path=/starships/8 {"metadata":{"emulator":{"name":"functions"},"message":"[functions] Got req.url=/lemur-digital/us-central1/swAPI/starships/8, mapping to path=/starships/8"}}
[debug] [2023-08-12T22:30:25.466Z] [worker-pool] submitRequest(triggerId=us-central1-swAPI) {"metadata":{"emulator":{"name":"functions"},"message":"[worker-pool] submitRequest(triggerId=us-central1-swAPI)"}}
[info] i  functions: Beginning execution of "us-central1-swAPI" {"metadata":{"emulator":{"name":"functions"},"function":{"name":"us-central1-swAPI"},"extension":{},"message":"Beginning execution of \"us-central1-swAPI\""}}
[debug] [2023-08-12T22:30:25.467Z] [worker-us-central1-swAPI-044acad1-c190-421f-a1c2-206f166e073c]: BUSY {"metadata":{"emulator":{"name":"functions"},"function":{"name":"us-central1-swAPI"},"extension":{},"message":"[worker-us-central1-swAPI-044acad1-c190-421f-a1c2-206f166e073c]: BUSY"}}
[info] >  {"severity":"ERROR","message":"Error: Error getSingleOne service of starships > AxiosError: Request failed with status code 404\n    at entryFromArgs (C:\\Users\\tomas\\OneDrive\\Escritorio\\Proyectos\\Conexa\\ConexaPlanet\\functions\\node_modules\\firebase-functions\\lib\\logger\\index.js:130:19)\n    at Object.error (C:\\Users\\tomas\\OneDrive\\Escritorio\\Proyectos\\Conexa\\ConexaPlanet\\functions\\node_modules\\firebase-functions\\lib\\logger\\index.js:116:11)\n    at getSingleOne (C:\\Users\\tomas\\OneDrive\\Escritorio\\Proyectos\\Conexa\\ConexaPlanet\\functions\\lib\\services\\swAPI\\index.js:27:21)\n    at processTicksAndRejections (node:internal/process/task_queues:96:5)\n    at async C:\\Users\\tomas\\OneDrive\\Escritorio\\Proyectos\\Conexa\\ConexaPlanet\\functions\\lib\\routes\\starships\\index.js:29:32"} {"user":{"severity":"ERROR","message":"Error: Error getSingleOne service of starships > AxiosError: Request failed with status code 404\n    at entryFromArgs (C:\\Users\\tomas\\OneDrive\\Escritorio\\Proyectos\\Conexa\\ConexaPlanet\\functions\\node_modules\\firebase-functions\\lib\\logger\\index.js:130:19)\n    at Object.error (C:\\Users\\tomas\\OneDrive\\Escritorio\\Proyectos\\Conexa\\ConexaPlanet\\functions\\node_modules\\firebase-functions\\lib\\logger\\index.js:116:11)\n    at getSingleOne (C:\\Users\\tomas\\OneDrive\\Escritorio\\Proyectos\\Conexa\\ConexaPlanet\\functions\\lib\\services\\swAPI\\index.js:27:21)\n    at processTicksAndRejections (node:internal/process/task_queues:96:5)\n    at async C:\\Users\\tomas\\OneDrive\\Escritorio\\Proyectos\\Conexa\\ConexaPlanet\\functions\\lib\\routes\\starships\\index.js:29:32"},"metadata":{"emulator":{"name":"functions"},"function":{"name":"us-central1-swAPI"},"extension":{},"message":"\u001b[90m> \u001b[39m {\"severity\":\"ERROR\",\"message\":\"Error: Error getSingleOne service of starships > AxiosError: Request failed with status code 404\\n    at entryFromArgs (C:\\\\Users\\\\tomas\\\\OneDrive\\\\Escritorio\\\\Proyectos\\\\Conexa\\\\ConexaPlanet\\\\functions\\\\node_modules\\\\firebase-functions\\\\lib\\\\logger\\\\index.js:130:19)\\n    at Object.error (C:\\\\Users\\\\tomas\\\\OneDrive\\\\Escritorio\\\\Proyectos\\\\Conexa\\\\ConexaPlanet\\\\functions\\\\node_modules\\\\firebase-functions\\\\lib\\\\logger\\\\index.js:116:11)\\n    at getSingleOne (C:\\\\Users\\\\tomas\\\\OneDrive\\\\Escritorio\\\\Proyectos\\\\Conexa\\\\ConexaPlanet\\\\functions\\\\lib\\\\services\\\\swAPI\\\\index.js:27:21)\\n    at processTicksAndRejections (node:internal/process/task_queues:96:5)\\n    at async C:\\\\Users\\\\tomas\\\\OneDrive\\\\Escritorio\\\\Proyectos\\\\Conexa\\\\ConexaPlanet\\\\functions\\\\lib\\\\routes\\\\starships\\\\index.js:29:32\"}"}}
[debug] [2023-08-12T22:30:26.358Z] Finishing up request with event=pause {"metadata":{"emulator":{"name":"functions"},"function":{"name":"us-central1-swAPI"},"extension":{},"message":"Finishing up request with event=pause"}}
[info] i  functions: Finished "us-central1-swAPI" in 890.8816ms {"metadata":{"emulator":{"name":"functions"},"function":{"name":"us-central1-swAPI"},"extension":{},"message":"Finished \"us-central1-swAPI\" in 890.8816ms"}}
[debug] [2023-08-12T22:30:26.358Z] [worker-us-central1-swAPI-044acad1-c190-421f-a1c2-206f166e073c]: IDLE {"metadata":{"emulator":{"name":"functions"},"function":{"name":"us-central1-swAPI"},"extension":{},"message":"[worker-us-central1-swAPI-044acad1-c190-421f-a1c2-206f166e073c]: IDLE"}}
[debug] [2023-08-12T22:30:26.358Z] Finishing up request with event=finish {"metadata":{"emulator":{"name":"functions"},"function":{"name":"us-central1-swAPI"},"extension":{},"message":"Finishing up request with event=finish"}}
[debug] [2023-08-12T22:30:26.358Z] Finishing up request with event=close {"metadata":{"emulator":{"name":"functions"},"function":{"name":"us-central1-swAPI"},"extension":{},"message":"Finishing up request with event=close"}}
[debug] [2023-08-12T22:30:26.359Z] [work-queue] {"queuedWork":[],"queueLength":0,"runningWork":[],"workRunningCount":0}
[info] >  {"severity":"ERROR","message":"Error: Error bringing starship 8: Error: Error getSingleOne service of starships > AxiosError: Request failed with status code 404\n    at entryFromArgs (C:\\Users\\tomas\\OneDrive\\Escritorio\\Proyectos\\Conexa\\ConexaPlanet\\functions\\node_modules\\firebase-functions\\lib\\logger\\index.js:130:19)\n    at Object.error (C:\\Users\\tomas\\OneDrive\\Escritorio\\Proyectos\\Conexa\\ConexaPlanet\\functions\\node_modules\\firebase-functions\\lib\\logger\\index.js:116:11)\n    at C:\\Users\\tomas\\OneDrive\\Escritorio\\Proyectos\\Conexa\\ConexaPlanet\\functions\\lib\\routes\\starships\\index.js:33:21\n    at processTicksAndRejections (node:internal/process/task_queues:96:5)"} {"user":{"severity":"ERROR","message":"Error: Error bringing starship 8: Error: Error getSingleOne service of starships > AxiosError: Request failed with status code 404\n    at entryFromArgs (C:\\Users\\tomas\\OneDrive\\Escritorio\\Proyectos\\Conexa\\ConexaPlanet\\functions\\node_modules\\firebase-functions\\lib\\logger\\index.js:130:19)\n    at Object.error (C:\\Users\\tomas\\OneDrive\\Escritorio\\Proyectos\\Conexa\\ConexaPlanet\\functions\\node_modules\\firebase-functions\\lib\\logger\\index.js:116:11)\n    at C:\\Users\\tomas\\OneDrive\\Escritorio\\Proyectos\\Conexa\\ConexaPlanet\\functions\\lib\\routes\\starships\\index.js:33:21\n    at processTicksAndRejections (node:internal/process/task_queues:96:5)"},"metadata":{"emulator":{"name":"functions"},"function":{"name":"us-central1-swAPI"},"extension":{},"message":"\u001b[90m> \u001b[39m {\"severity\":\"ERROR\",\"message\":\"Error: Error bringing starship 8: Error: Error getSingleOne service of starships > AxiosError: Request failed with status code 404\\n    at entryFromArgs (C:\\\\Users\\\\tomas\\\\OneDrive\\\\Escritorio\\\\Proyectos\\\\Conexa\\\\ConexaPlanet\\\\functions\\\\node_modules\\\\firebase-functions\\\\lib\\\\logger\\\\index.js:130:19)\\n    at Object.error (C:\\\\Users\\\\tomas\\\\OneDrive\\\\Escritorio\\\\Proyectos\\\\Conexa\\\\ConexaPlanet\\\\functions\\\\node_modules\\\\firebase-functions\\\\lib\\\\logger\\\\index.js:116:11)\\n    at C:\\\\Users\\\\tomas\\\\OneDrive\\\\Escritorio\\\\Proyectos\\\\Conexa\\\\ConexaPlanet\\\\functions\\\\lib\\\\routes\\\\starships\\\\index.js:33:21\\n    at processTicksAndRejections (node:internal/process/task_queues:96:5)\"}"}}
[debug] [2023-08-12T22:30:29.865Z] [work-queue] {"queuedWork":["/lemur-digital/us-central1/swAPI/starships/9-2023-08-12T22:30:29.865Z"],"queueLength":1,"runningWork":[],"workRunningCount":0}
[debug] [2023-08-12T22:30:29.865Z] [work-queue] {"queuedWork":[],"queueLength":0,"runningWork":["/lemur-digital/us-central1/swAPI/starships/9-2023-08-12T22:30:29.865Z"],"workRunningCount":1}
[debug] [2023-08-12T22:30:29.865Z] Accepted request GET /lemur-digital/us-central1/swAPI/starships/9 --> us-central1-swAPI
[debug] [2023-08-12T22:30:29.866Z] [functions] Runtime ready! Sending request! {"metadata":{"emulator":{"name":"functions"},"message":"[functions] Runtime ready! Sending request!"}}
[debug] [2023-08-12T22:30:29.867Z] [functions] Got req.url=/lemur-digital/us-central1/swAPI/starships/9, mapping to path=/starships/9 {"metadata":{"emulator":{"name":"functions"},"message":"[functions] Got req.url=/lemur-digital/us-central1/swAPI/starships/9, mapping to path=/starships/9"}}
[debug] [2023-08-12T22:30:29.867Z] [worker-pool] submitRequest(triggerId=us-central1-swAPI) {"metadata":{"emulator":{"name":"functions"},"message":"[worker-pool] submitRequest(triggerId=us-central1-swAPI)"}}
[info] i  functions: Beginning execution of "us-central1-swAPI" {"metadata":{"emulator":{"name":"functions"},"function":{"name":"us-central1-swAPI"},"extension":{},"message":"Beginning execution of \"us-central1-swAPI\""}}
[debug] [2023-08-12T22:30:29.868Z] [worker-us-central1-swAPI-044acad1-c190-421f-a1c2-206f166e073c]: BUSY {"metadata":{"emulator":{"name":"functions"},"function":{"name":"us-central1-swAPI"},"extension":{},"message":"[worker-us-central1-swAPI-044acad1-c190-421f-a1c2-206f166e073c]: BUSY"}}
[debug] [2023-08-12T22:30:30.905Z] Finishing up request with event=pause {"metadata":{"emulator":{"name":"functions"},"function":{"name":"us-central1-swAPI"},"extension":{},"message":"Finishing up request with event=pause"}}
[info] i  functions: Finished "us-central1-swAPI" in 1038.0091ms {"metadata":{"emulator":{"name":"functions"},"function":{"name":"us-central1-swAPI"},"extension":{},"message":"Finished \"us-central1-swAPI\" in 1038.0091ms"}}
[debug] [2023-08-12T22:30:30.907Z] [worker-us-central1-swAPI-044acad1-c190-421f-a1c2-206f166e073c]: IDLE {"metadata":{"emulator":{"name":"functions"},"function":{"name":"us-central1-swAPI"},"extension":{},"message":"[worker-us-central1-swAPI-044acad1-c190-421f-a1c2-206f166e073c]: IDLE"}}
[debug] [2023-08-12T22:30:30.907Z] Finishing up request with event=finish {"metadata":{"emulator":{"name":"functions"},"function":{"name":"us-central1-swAPI"},"extension":{},"message":"Finishing up request with event=finish"}}
[debug] [2023-08-12T22:30:30.907Z] Finishing up request with event=close {"metadata":{"emulator":{"name":"functions"},"function":{"name":"us-central1-swAPI"},"extension":{},"message":"Finishing up request with event=close"}}
[debug] [2023-08-12T22:30:30.909Z] [work-queue] {"queuedWork":[],"queueLength":0,"runningWork":[],"workRunningCount":0}
[debug] [2023-08-12T22:30:34.023Z] [work-queue] {"queuedWork":["/lemur-digital/us-central1/swAPI/starships/1-2023-08-12T22:30:34.023Z"],"queueLength":1,"runningWork":[],"workRunningCount":0}
[debug] [2023-08-12T22:30:34.025Z] [work-queue] {"queuedWork":[],"queueLength":0,"runningWork":["/lemur-digital/us-central1/swAPI/starships/1-2023-08-12T22:30:34.023Z"],"workRunningCount":1}
[debug] [2023-08-12T22:30:34.025Z] Accepted request GET /lemur-digital/us-central1/swAPI/starships/1 --> us-central1-swAPI
[debug] [2023-08-12T22:30:34.026Z] [functions] Runtime ready! Sending request! {"metadata":{"emulator":{"name":"functions"},"message":"[functions] Runtime ready! Sending request!"}}
[debug] [2023-08-12T22:30:34.026Z] [functions] Got req.url=/lemur-digital/us-central1/swAPI/starships/1, mapping to path=/starships/1 {"metadata":{"emulator":{"name":"functions"},"message":"[functions] Got req.url=/lemur-digital/us-central1/swAPI/starships/1, mapping to path=/starships/1"}}
[debug] [2023-08-12T22:30:34.026Z] [worker-pool] submitRequest(triggerId=us-central1-swAPI) {"metadata":{"emulator":{"name":"functions"},"message":"[worker-pool] submitRequest(triggerId=us-central1-swAPI)"}}
[info] i  functions: Beginning execution of "us-central1-swAPI" {"metadata":{"emulator":{"name":"functions"},"function":{"name":"us-central1-swAPI"},"extension":{},"message":"Beginning execution of \"us-central1-swAPI\""}}
[debug] [2023-08-12T22:30:34.027Z] [worker-us-central1-swAPI-044acad1-c190-421f-a1c2-206f166e073c]: BUSY {"metadata":{"emulator":{"name":"functions"},"function":{"name":"us-central1-swAPI"},"extension":{},"message":"[worker-us-central1-swAPI-044acad1-c190-421f-a1c2-206f166e073c]: BUSY"}}
[info] >  {"severity":"ERROR","message":"Error: Error getSingleOne service of starships > AxiosError: Request failed with status code 404\n    at entryFromArgs (C:\\Users\\tomas\\OneDrive\\Escritorio\\Proyectos\\Conexa\\ConexaPlanet\\functions\\node_modules\\firebase-functions\\lib\\logger\\index.js:130:19)\n    at Object.error (C:\\Users\\tomas\\OneDrive\\Escritorio\\Proyectos\\Conexa\\ConexaPlanet\\functions\\node_modules\\firebase-functions\\lib\\logger\\index.js:116:11)\n    at getSingleOne (C:\\Users\\tomas\\OneDrive\\Escritorio\\Proyectos\\Conexa\\ConexaPlanet\\functions\\lib\\services\\swAPI\\index.js:27:21)\n    at processTicksAndRejections (node:internal/process/task_queues:96:5)\n    at async C:\\Users\\tomas\\OneDrive\\Escritorio\\Proyectos\\Conexa\\ConexaPlanet\\functions\\lib\\routes\\starships\\index.js:29:32"} {"user":{"severity":"ERROR","message":"Error: Error getSingleOne service of starships > AxiosError: Request failed with status code 404\n    at entryFromArgs (C:\\Users\\tomas\\OneDrive\\Escritorio\\Proyectos\\Conexa\\ConexaPlanet\\functions\\node_modules\\firebase-functions\\lib\\logger\\index.js:130:19)\n    at Object.error (C:\\Users\\tomas\\OneDrive\\Escritorio\\Proyectos\\Conexa\\ConexaPlanet\\functions\\node_modules\\firebase-functions\\lib\\logger\\index.js:116:11)\n    at getSingleOne (C:\\Users\\tomas\\OneDrive\\Escritorio\\Proyectos\\Conexa\\ConexaPlanet\\functions\\lib\\services\\swAPI\\index.js:27:21)\n    at processTicksAndRejections (node:internal/process/task_queues:96:5)\n    at async C:\\Users\\tomas\\OneDrive\\Escritorio\\Proyectos\\Conexa\\ConexaPlanet\\functions\\lib\\routes\\starships\\index.js:29:32"},"metadata":{"emulator":{"name":"functions"},"function":{"name":"us-central1-swAPI"},"extension":{},"message":"\u001b[90m> \u001b[39m {\"severity\":\"ERROR\",\"message\":\"Error: Error getSingleOne service of starships > AxiosError: Request failed with status code 404\\n    at entryFromArgs (C:\\\\Users\\\\tomas\\\\OneDrive\\\\Escritorio\\\\Proyectos\\\\Conexa\\\\ConexaPlanet\\\\functions\\\\node_modules\\\\firebase-functions\\\\lib\\\\logger\\\\index.js:130:19)\\n    at Object.error (C:\\\\Users\\\\tomas\\\\OneDrive\\\\Escritorio\\\\Proyectos\\\\Conexa\\\\ConexaPlanet\\\\functions\\\\node_modules\\\\firebase-functions\\\\lib\\\\logger\\\\index.js:116:11)\\n    at getSingleOne (C:\\\\Users\\\\tomas\\\\OneDrive\\\\Escritorio\\\\Proyectos\\\\Conexa\\\\ConexaPlanet\\\\functions\\\\lib\\\\services\\\\swAPI\\\\index.js:27:21)\\n    at processTicksAndRejections (node:internal/process/task_queues:96:5)\\n    at async C:\\\\Users\\\\tomas\\\\OneDrive\\\\Escritorio\\\\Proyectos\\\\Conexa\\\\ConexaPlanet\\\\functions\\\\lib\\\\routes\\\\starships\\\\index.js:29:32\"}"}}
[debug] [2023-08-12T22:30:34.945Z] Finishing up request with event=pause {"metadata":{"emulator":{"name":"functions"},"function":{"name":"us-central1-swAPI"},"extension":{},"message":"Finishing up request with event=pause"}}
[info] i  functions: Finished "us-central1-swAPI" in 918.5542ms {"metadata":{"emulator":{"name":"functions"},"function":{"name":"us-central1-swAPI"},"extension":{},"message":"Finished \"us-central1-swAPI\" in 918.5542ms"}}
[debug] [2023-08-12T22:30:34.946Z] [worker-us-central1-swAPI-044acad1-c190-421f-a1c2-206f166e073c]: IDLE {"metadata":{"emulator":{"name":"functions"},"function":{"name":"us-central1-swAPI"},"extension":{},"message":"[worker-us-central1-swAPI-044acad1-c190-421f-a1c2-206f166e073c]: IDLE"}}
[debug] [2023-08-12T22:30:34.946Z] Finishing up request with event=finish {"metadata":{"emulator":{"name":"functions"},"function":{"name":"us-central1-swAPI"},"extension":{},"message":"Finishing up request with event=finish"}}
[debug] [2023-08-12T22:30:34.946Z] Finishing up request with event=close {"metadata":{"emulator":{"name":"functions"},"function":{"name":"us-central1-swAPI"},"extension":{},"message":"Finishing up request with event=close"}}
[debug] [2023-08-12T22:30:34.946Z] [work-queue] {"queuedWork":[],"queueLength":0,"runningWork":[],"workRunningCount":0}
[info] >  {"severity":"ERROR","message":"Error: Error bringing starship 1: Error: Error getSingleOne service of starships > AxiosError: Request failed with status code 404\n    at entryFromArgs (C:\\Users\\tomas\\OneDrive\\Escritorio\\Proyectos\\Conexa\\ConexaPlanet\\functions\\node_modules\\firebase-functions\\lib\\logger\\index.js:130:19)\n    at Object.error (C:\\Users\\tomas\\OneDrive\\Escritorio\\Proyectos\\Conexa\\ConexaPlanet\\functions\\node_modules\\firebase-functions\\lib\\logger\\index.js:116:11)\n    at C:\\Users\\tomas\\OneDrive\\Escritorio\\Proyectos\\Conexa\\ConexaPlanet\\functions\\lib\\routes\\starships\\index.js:33:21\n    at processTicksAndRejections (node:internal/process/task_queues:96:5)"} {"user":{"severity":"ERROR","message":"Error: Error bringing starship 1: Error: Error getSingleOne service of starships > AxiosError: Request failed with status code 404\n    at entryFromArgs (C:\\Users\\tomas\\OneDrive\\Escritorio\\Proyectos\\Conexa\\ConexaPlanet\\functions\\node_modules\\firebase-functions\\lib\\logger\\index.js:130:19)\n    at Object.error (C:\\Users\\tomas\\OneDrive\\Escritorio\\Proyectos\\Conexa\\ConexaPlanet\\functions\\node_modules\\firebase-functions\\lib\\logger\\index.js:116:11)\n    at C:\\Users\\tomas\\OneDrive\\Escritorio\\Proyectos\\Conexa\\ConexaPlanet\\functions\\lib\\routes\\starships\\index.js:33:21\n    at processTicksAndRejections (node:internal/process/task_queues:96:5)"},"metadata":{"emulator":{"name":"functions"},"function":{"name":"us-central1-swAPI"},"extension":{},"message":"\u001b[90m> \u001b[39m {\"severity\":\"ERROR\",\"message\":\"Error: Error bringing starship 1: Error: Error getSingleOne service of starships > AxiosError: Request failed with status code 404\\n    at entryFromArgs (C:\\\\Users\\\\tomas\\\\OneDrive\\\\Escritorio\\\\Proyectos\\\\Conexa\\\\ConexaPlanet\\\\functions\\\\node_modules\\\\firebase-functions\\\\lib\\\\logger\\\\index.js:130:19)\\n    at Object.error (C:\\\\Users\\\\tomas\\\\OneDrive\\\\Escritorio\\\\Proyectos\\\\Conexa\\\\ConexaPlanet\\\\functions\\\\node_modules\\\\firebase-functions\\\\lib\\\\logger\\\\index.js:116:11)\\n    at C:\\\\Users\\\\tomas\\\\OneDrive\\\\Escritorio\\\\Proyectos\\\\Conexa\\\\ConexaPlanet\\\\functions\\\\lib\\\\routes\\\\starships\\\\index.js:33:21\\n    at processTicksAndRejections (node:internal/process/task_queues:96:5)\"}"}}
[debug] [2023-08-12T22:30:38.332Z] [work-queue] {"queuedWork":["/lemur-digital/us-central1/swAPI/starships/2-2023-08-12T22:30:38.332Z"],"queueLength":1,"runningWork":[],"workRunningCount":0}
[debug] [2023-08-12T22:30:38.332Z] [work-queue] {"queuedWork":[],"queueLength":0,"runningWork":["/lemur-digital/us-central1/swAPI/starships/2-2023-08-12T22:30:38.332Z"],"workRunningCount":1}
[debug] [2023-08-12T22:30:38.332Z] Accepted request GET /lemur-digital/us-central1/swAPI/starships/2 --> us-central1-swAPI
[debug] [2023-08-12T22:30:38.333Z] [functions] Runtime ready! Sending request! {"metadata":{"emulator":{"name":"functions"},"message":"[functions] Runtime ready! Sending request!"}}
[debug] [2023-08-12T22:30:38.333Z] [functions] Got req.url=/lemur-digital/us-central1/swAPI/starships/2, mapping to path=/starships/2 {"metadata":{"emulator":{"name":"functions"},"message":"[functions] Got req.url=/lemur-digital/us-central1/swAPI/starships/2, mapping to path=/starships/2"}}
[debug] [2023-08-12T22:30:38.334Z] [worker-pool] submitRequest(triggerId=us-central1-swAPI) {"metadata":{"emulator":{"name":"functions"},"message":"[worker-pool] submitRequest(triggerId=us-central1-swAPI)"}}
[info] i  functions: Beginning execution of "us-central1-swAPI" {"metadata":{"emulator":{"name":"functions"},"function":{"name":"us-central1-swAPI"},"extension":{},"message":"Beginning execution of \"us-central1-swAPI\""}}
[debug] [2023-08-12T22:30:38.334Z] [worker-us-central1-swAPI-044acad1-c190-421f-a1c2-206f166e073c]: BUSY {"metadata":{"emulator":{"name":"functions"},"function":{"name":"us-central1-swAPI"},"extension":{},"message":"[worker-us-central1-swAPI-044acad1-c190-421f-a1c2-206f166e073c]: BUSY"}}
[debug] [2023-08-12T22:30:39.374Z] Finishing up request with event=pause {"metadata":{"emulator":{"name":"functions"},"function":{"name":"us-central1-swAPI"},"extension":{},"message":"Finishing up request with event=pause"}}
[info] i  functions: Finished "us-central1-swAPI" in 1039.6970000000001ms {"metadata":{"emulator":{"name":"functions"},"function":{"name":"us-central1-swAPI"},"extension":{},"message":"Finished \"us-central1-swAPI\" in 1039.6970000000001ms"}}
[debug] [2023-08-12T22:30:39.374Z] [worker-us-central1-swAPI-044acad1-c190-421f-a1c2-206f166e073c]: IDLE {"metadata":{"emulator":{"name":"functions"},"function":{"name":"us-central1-swAPI"},"extension":{},"message":"[worker-us-central1-swAPI-044acad1-c190-421f-a1c2-206f166e073c]: IDLE"}}
[debug] [2023-08-12T22:30:39.374Z] Finishing up request with event=finish {"metadata":{"emulator":{"name":"functions"},"function":{"name":"us-central1-swAPI"},"extension":{},"message":"Finishing up request with event=finish"}}
[debug] [2023-08-12T22:30:39.374Z] Finishing up request with event=close {"metadata":{"emulator":{"name":"functions"},"function":{"name":"us-central1-swAPI"},"extension":{},"message":"Finishing up request with event=close"}}
[debug] [2023-08-12T22:30:39.375Z] [work-queue] {"queuedWork":[],"queueLength":0,"runningWork":[],"workRunningCount":0}
[debug] [2023-08-12T22:30:42.776Z] [work-queue] {"queuedWork":["/lemur-digital/us-central1/swAPI/starships/3-2023-08-12T22:30:42.776Z"],"queueLength":1,"runningWork":[],"workRunningCount":0}
[debug] [2023-08-12T22:30:42.777Z] [work-queue] {"queuedWork":[],"queueLength":0,"runningWork":["/lemur-digital/us-central1/swAPI/starships/3-2023-08-12T22:30:42.776Z"],"workRunningCount":1}
[debug] [2023-08-12T22:30:42.777Z] Accepted request GET /lemur-digital/us-central1/swAPI/starships/3 --> us-central1-swAPI
[debug] [2023-08-12T22:30:42.778Z] [functions] Runtime ready! Sending request! {"metadata":{"emulator":{"name":"functions"},"message":"[functions] Runtime ready! Sending request!"}}
[debug] [2023-08-12T22:30:42.778Z] [functions] Got req.url=/lemur-digital/us-central1/swAPI/starships/3, mapping to path=/starships/3 {"metadata":{"emulator":{"name":"functions"},"message":"[functions] Got req.url=/lemur-digital/us-central1/swAPI/starships/3, mapping to path=/starships/3"}}
[debug] [2023-08-12T22:30:42.778Z] [worker-pool] submitRequest(triggerId=us-central1-swAPI) {"metadata":{"emulator":{"name":"functions"},"message":"[worker-pool] submitRequest(triggerId=us-central1-swAPI)"}}
[info] i  functions: Beginning execution of "us-central1-swAPI" {"metadata":{"emulator":{"name":"functions"},"function":{"name":"us-central1-swAPI"},"extension":{},"message":"Beginning execution of \"us-central1-swAPI\""}}
[debug] [2023-08-12T22:30:42.778Z] [worker-us-central1-swAPI-044acad1-c190-421f-a1c2-206f166e073c]: BUSY {"metadata":{"emulator":{"name":"functions"},"function":{"name":"us-central1-swAPI"},"extension":{},"message":"[worker-us-central1-swAPI-044acad1-c190-421f-a1c2-206f166e073c]: BUSY"}}
[debug] [2023-08-12T22:30:44.092Z] Finishing up request with event=pause {"metadata":{"emulator":{"name":"functions"},"function":{"name":"us-central1-swAPI"},"extension":{},"message":"Finishing up request with event=pause"}}
[info] i  functions: Finished "us-central1-swAPI" in 1313.5264ms {"metadata":{"emulator":{"name":"functions"},"function":{"name":"us-central1-swAPI"},"extension":{},"message":"Finished \"us-central1-swAPI\" in 1313.5264ms"}}
[debug] [2023-08-12T22:30:44.093Z] [worker-us-central1-swAPI-044acad1-c190-421f-a1c2-206f166e073c]: IDLE {"metadata":{"emulator":{"name":"functions"},"function":{"name":"us-central1-swAPI"},"extension":{},"message":"[worker-us-central1-swAPI-044acad1-c190-421f-a1c2-206f166e073c]: IDLE"}}
[debug] [2023-08-12T22:30:44.093Z] Finishing up request with event=finish {"metadata":{"emulator":{"name":"functions"},"function":{"name":"us-central1-swAPI"},"extension":{},"message":"Finishing up request with event=finish"}}
[debug] [2023-08-12T22:30:44.093Z] Finishing up request with event=close {"metadata":{"emulator":{"name":"functions"},"function":{"name":"us-central1-swAPI"},"extension":{},"message":"Finishing up request with event=close"}}
[debug] [2023-08-12T22:30:44.094Z] [work-queue] {"queuedWork":[],"queueLength":0,"runningWork":[],"workRunningCount":0}
